ARM GAS  /tmp/cc1fsRls.s 			page 1


   1              		.cpu cortex-m3
   2              		.arch armv7-m
   3              		.fpu softvfp
   4              		.eabi_attribute 20, 1
   5              		.eabi_attribute 21, 1
   6              		.eabi_attribute 23, 3
   7              		.eabi_attribute 24, 1
   8              		.eabi_attribute 25, 1
   9              		.eabi_attribute 26, 1
  10              		.eabi_attribute 30, 1
  11              		.eabi_attribute 34, 1
  12              		.eabi_attribute 18, 4
  13              		.file	"bsp_led.c"
  14              		.text
  15              	.Ltext0:
  16              		.cfi_sections	.debug_frame
  17              		.file 1 "bsp/bsp_led.c"
  18              		.section	.text.bsp_led_init,"ax",%progbits
  19              		.align	1
  20              		.global	bsp_led_init
  21              		.syntax unified
  22              		.thumb
  23              		.thumb_func
  25              	bsp_led_init:
  26              	.LFB65:
   1:bsp/bsp_led.c **** #include "bsp_led.h"
   2:bsp/bsp_led.c **** #include "main.h"
   3:bsp/bsp_led.c **** 
   4:bsp/bsp_led.c **** /**
   5:bsp/bsp_led.c ****  * @brief 开启 LED 输出
   6:bsp/bsp_led.c ****  *
   7:bsp/bsp_led.c ****  */
   8:bsp/bsp_led.c **** void bsp_led_init(void)
   9:bsp/bsp_led.c **** {
  27              		.loc 1 9 1 view -0
  28              		.cfi_startproc
  29              		@ args = 0, pretend = 0, frame = 0
  30              		@ frame_needed = 0, uses_anonymous_args = 0
  31 0000 08B5     		push	{r3, lr}
  32              	.LCFI0:
  33              		.cfi_def_cfa_offset 8
  34              		.cfi_offset 3, -8
  35              		.cfi_offset 14, -4
  10:bsp/bsp_led.c ****     HAL_TIM_PWM_Start(&htim1, TIM_CHANNEL_1);
  36              		.loc 1 10 5 view .LVU1
  37 0002 0021     		movs	r1, #0
  38 0004 0148     		ldr	r0, .L3
  39 0006 FFF7FEFF 		bl	HAL_TIM_PWM_Start
  40              	.LVL0:
  11:bsp/bsp_led.c **** }
  41              		.loc 1 11 1 is_stmt 0 view .LVU2
  42 000a 08BD     		pop	{r3, pc}
  43              	.L4:
  44              		.align	2
  45              	.L3:
  46 000c 00000000 		.word	htim1
  47              		.cfi_endproc
ARM GAS  /tmp/cc1fsRls.s 			page 2


  48              	.LFE65:
  50              		.section	.text.bsp_led_show,"ax",%progbits
  51              		.align	1
  52              		.global	bsp_led_show
  53              		.syntax unified
  54              		.thumb
  55              		.thumb_func
  57              	bsp_led_show:
  58              	.LVL1:
  59              	.LFB66:
  12:bsp/bsp_led.c **** 
  13:bsp/bsp_led.c **** /**
  14:bsp/bsp_led.c ****  * @brief          aRGB show
  15:bsp/bsp_led.c ****  * @param[in]      aRGB: 0xaaRRGGBB, 'aa' is alpha, 'RR' is red, 'GG' is green, 'BB' is blue
  16:bsp/bsp_led.c ****  * @retval         none
  17:bsp/bsp_led.c ****  */
  18:bsp/bsp_led.c **** void bsp_led_show(uint32_t pwm)
  19:bsp/bsp_led.c **** {
  60              		.loc 1 19 1 is_stmt 1 view -0
  61              		.cfi_startproc
  62              		@ args = 0, pretend = 0, frame = 0
  63              		@ frame_needed = 0, uses_anonymous_args = 0
  64              		@ link register save eliminated.
  20:bsp/bsp_led.c ****     __HAL_TIM_SetCompare(&htim1, TIM_CHANNEL_1, pwm);
  65              		.loc 1 20 5 view .LVU4
  66 0000 014B     		ldr	r3, .L6
  67 0002 1B68     		ldr	r3, [r3]
  68 0004 5863     		str	r0, [r3, #52]
  21:bsp/bsp_led.c **** }
  69              		.loc 1 21 1 is_stmt 0 view .LVU5
  70 0006 7047     		bx	lr
  71              	.L7:
  72              		.align	2
  73              	.L6:
  74 0008 00000000 		.word	htim1
  75              		.cfi_endproc
  76              	.LFE66:
  78              		.text
  79              	.Letext0:
  80              		.file 2 "/usr/arm-none-eabi/include/machine/_default_types.h"
  81              		.file 3 "/usr/arm-none-eabi/include/sys/_stdint.h"
  82              		.file 4 "Drivers/CMSIS/Device/ST/STM32F1xx/Include/stm32f103xe.h"
  83              		.file 5 "Drivers/STM32F1xx_HAL_Driver/Inc/stm32f1xx_hal_def.h"
  84              		.file 6 "Drivers/STM32F1xx_HAL_Driver/Inc/stm32f1xx_hal_dma.h"
  85              		.file 7 "Drivers/STM32F1xx_HAL_Driver/Inc/stm32f1xx_hal_tim.h"
  86              		.file 8 "Core/Inc/tim.h"
ARM GAS  /tmp/cc1fsRls.s 			page 3


DEFINED SYMBOLS
                            *ABS*:00000000 bsp_led.c
     /tmp/cc1fsRls.s:19     .text.bsp_led_init:00000000 $t
     /tmp/cc1fsRls.s:25     .text.bsp_led_init:00000000 bsp_led_init
     /tmp/cc1fsRls.s:46     .text.bsp_led_init:0000000c $d
     /tmp/cc1fsRls.s:51     .text.bsp_led_show:00000000 $t
     /tmp/cc1fsRls.s:57     .text.bsp_led_show:00000000 bsp_led_show
     /tmp/cc1fsRls.s:74     .text.bsp_led_show:00000008 $d

UNDEFINED SYMBOLS
HAL_TIM_PWM_Start
htim1
