ARM GAS  /tmp/ccLIY8Eu.s 			page 1


   1              		.cpu cortex-m3
   2              		.arch armv7-m
   3              		.fpu softvfp
   4              		.eabi_attribute 20, 1
   5              		.eabi_attribute 21, 1
   6              		.eabi_attribute 23, 3
   7              		.eabi_attribute 24, 1
   8              		.eabi_attribute 25, 1
   9              		.eabi_attribute 26, 1
  10              		.eabi_attribute 30, 1
  11              		.eabi_attribute 34, 1
  12              		.eabi_attribute 18, 4
  13              		.file	"Emm_V5.c"
  14              		.text
  15              	.Ltext0:
  16              		.cfi_sections	.debug_frame
  17              		.file 1 "application/Emm_V5.c"
  18              		.section	.text.Emm_V5_Reset_CurPos_To_Zero,"ax",%progbits
  19              		.align	1
  20              		.global	Emm_V5_Reset_CurPos_To_Zero
  21              		.syntax unified
  22              		.thumb
  23              		.thumb_func
  25              	Emm_V5_Reset_CurPos_To_Zero:
  26              	.LVL0:
  27              	.LFB70:
   1:application/Emm_V5.c **** #include "Emm_V5.h"
   2:application/Emm_V5.c **** 
   3:application/Emm_V5.c **** /**********************************************************
   4:application/Emm_V5.c **** ***	Emm_V5.0æ­¥è¿›é—­ç¯æ§åˆ¶ä¾‹ç¨‹
   5:application/Emm_V5.c **** ***	ç¼–å†™ä½œè€…ï¼šZHANGDATOU
   6:application/Emm_V5.c **** ***	æŠ€æœ¯æ”¯æŒï¼šå¼ å¤§å¤´é—­ç¯ä¼ºæœ
   7:application/Emm_V5.c **** ***	æ·˜å®åº—é“ºï¼šhttps://zhangdatou.taobao.com
   8:application/Emm_V5.c **** ***	CSDNåšå®¢ï¼šhttps://blog.csdn.net/zhangdatou666
   9:application/Emm_V5.c **** ***	qqäº¤æµç¾¤ï¼š262438510
  10:application/Emm_V5.c **** **********************************************************/
  11:application/Emm_V5.c **** 
  12:application/Emm_V5.c **** /**
  13:application/Emm_V5.c ****   * @brief    å°†å½“å‰ä½ç½®æ¸…é›¶
  14:application/Emm_V5.c ****   * @param    addr  ï¼šç”µæœºåœ°å€
  15:application/Emm_V5.c ****   * @retval   åœ°å€ + åŠŸèƒ½ç  + å‘½ä»¤çŠ¶æ€ + æ ¡éªŒå­—èŠ‚
  16:application/Emm_V5.c ****   */
  17:application/Emm_V5.c **** void Emm_V5_Reset_CurPos_To_Zero(uint8_t addr)
  18:application/Emm_V5.c **** {
  28              		.loc 1 18 1 view -0
  29              		.cfi_startproc
  30              		@ args = 0, pretend = 0, frame = 16
  31              		@ frame_needed = 0, uses_anonymous_args = 0
  32              		.loc 1 18 1 is_stmt 0 view .LVU1
  33 0000 00B5     		push	{lr}
  34              	.LCFI0:
  35              		.cfi_def_cfa_offset 4
  36              		.cfi_offset 14, -4
  37 0002 85B0     		sub	sp, sp, #20
  38              	.LCFI1:
  39              		.cfi_def_cfa_offset 24
  19:application/Emm_V5.c ****   uint8_t cmd[16] = {0};
ARM GAS  /tmp/ccLIY8Eu.s 			page 2


  40              		.loc 1 19 3 is_stmt 1 view .LVU2
  41              		.loc 1 19 11 is_stmt 0 view .LVU3
  42 0004 0023     		movs	r3, #0
  43 0006 0093     		str	r3, [sp]
  44 0008 0193     		str	r3, [sp, #4]
  45 000a 0293     		str	r3, [sp, #8]
  46 000c 0393     		str	r3, [sp, #12]
  20:application/Emm_V5.c ****   
  21:application/Emm_V5.c ****   // è£…è½½å‘½ä»¤
  22:application/Emm_V5.c ****   cmd[0] =  addr;                       // åœ°å€
  47              		.loc 1 22 3 is_stmt 1 view .LVU4
  48              		.loc 1 22 10 is_stmt 0 view .LVU5
  49 000e 8DF80000 		strb	r0, [sp]
  23:application/Emm_V5.c ****   cmd[1] =  0x0A;                       // åŠŸèƒ½ç 
  50              		.loc 1 23 3 is_stmt 1 view .LVU6
  51              		.loc 1 23 10 is_stmt 0 view .LVU7
  52 0012 0A23     		movs	r3, #10
  53 0014 8DF80130 		strb	r3, [sp, #1]
  24:application/Emm_V5.c ****   cmd[2] =  0x6D;                       // è¾…åŠ©ç 
  54              		.loc 1 24 3 is_stmt 1 view .LVU8
  55              		.loc 1 24 10 is_stmt 0 view .LVU9
  56 0018 6D23     		movs	r3, #109
  57 001a 8DF80230 		strb	r3, [sp, #2]
  25:application/Emm_V5.c ****   cmd[3] =  0x6B;                       // æ ¡éªŒå­—èŠ‚
  58              		.loc 1 25 3 is_stmt 1 view .LVU10
  59              		.loc 1 25 10 is_stmt 0 view .LVU11
  60 001e 6B23     		movs	r3, #107
  61 0020 8DF80330 		strb	r3, [sp, #3]
  26:application/Emm_V5.c ****   
  27:application/Emm_V5.c ****   // å‘é€å‘½ä»¤
  28:application/Emm_V5.c ****   can_SendCmd(cmd, 4);
  62              		.loc 1 28 3 is_stmt 1 view .LVU12
  63 0024 0421     		movs	r1, #4
  64 0026 6846     		mov	r0, sp
  65              	.LVL1:
  66              		.loc 1 28 3 is_stmt 0 view .LVU13
  67 0028 FFF7FEFF 		bl	can_SendCmd
  68              	.LVL2:
  29:application/Emm_V5.c **** }
  69              		.loc 1 29 1 view .LVU14
  70 002c 05B0     		add	sp, sp, #20
  71              	.LCFI2:
  72              		.cfi_def_cfa_offset 4
  73              		@ sp needed
  74 002e 5DF804FB 		ldr	pc, [sp], #4
  75              		.cfi_endproc
  76              	.LFE70:
  78              		.section	.text.Emm_V5_Reset_Clog_Pro,"ax",%progbits
  79              		.align	1
  80              		.global	Emm_V5_Reset_Clog_Pro
  81              		.syntax unified
  82              		.thumb
  83              		.thumb_func
  85              	Emm_V5_Reset_Clog_Pro:
  86              	.LVL3:
  87              	.LFB71:
  30:application/Emm_V5.c **** 
ARM GAS  /tmp/ccLIY8Eu.s 			page 3


  31:application/Emm_V5.c **** /**
  32:application/Emm_V5.c ****   * @brief    è§£é™¤å µè½¬ä¿æŠ¤
  33:application/Emm_V5.c ****   * @param    addr  ï¼šç”µæœºåœ°å€
  34:application/Emm_V5.c ****   * @retval   åœ°å€ + åŠŸèƒ½ç  + å‘½ä»¤çŠ¶æ€ + æ ¡éªŒå­—èŠ‚
  35:application/Emm_V5.c ****   */
  36:application/Emm_V5.c **** void Emm_V5_Reset_Clog_Pro(uint8_t addr)
  37:application/Emm_V5.c **** {
  88              		.loc 1 37 1 is_stmt 1 view -0
  89              		.cfi_startproc
  90              		@ args = 0, pretend = 0, frame = 16
  91              		@ frame_needed = 0, uses_anonymous_args = 0
  92              		.loc 1 37 1 is_stmt 0 view .LVU16
  93 0000 00B5     		push	{lr}
  94              	.LCFI3:
  95              		.cfi_def_cfa_offset 4
  96              		.cfi_offset 14, -4
  97 0002 85B0     		sub	sp, sp, #20
  98              	.LCFI4:
  99              		.cfi_def_cfa_offset 24
  38:application/Emm_V5.c ****   uint8_t cmd[16] = {0};
 100              		.loc 1 38 3 is_stmt 1 view .LVU17
 101              		.loc 1 38 11 is_stmt 0 view .LVU18
 102 0004 0023     		movs	r3, #0
 103 0006 0093     		str	r3, [sp]
 104 0008 0193     		str	r3, [sp, #4]
 105 000a 0293     		str	r3, [sp, #8]
 106 000c 0393     		str	r3, [sp, #12]
  39:application/Emm_V5.c ****   
  40:application/Emm_V5.c ****   // è£…è½½å‘½ä»¤
  41:application/Emm_V5.c ****   cmd[0] =  addr;                       // åœ°å€
 107              		.loc 1 41 3 is_stmt 1 view .LVU19
 108              		.loc 1 41 10 is_stmt 0 view .LVU20
 109 000e 8DF80000 		strb	r0, [sp]
  42:application/Emm_V5.c ****   cmd[1] =  0x0E;                       // åŠŸèƒ½ç 
 110              		.loc 1 42 3 is_stmt 1 view .LVU21
 111              		.loc 1 42 10 is_stmt 0 view .LVU22
 112 0012 0E23     		movs	r3, #14
 113 0014 8DF80130 		strb	r3, [sp, #1]
  43:application/Emm_V5.c ****   cmd[2] =  0x52;                       // è¾…åŠ©ç 
 114              		.loc 1 43 3 is_stmt 1 view .LVU23
 115              		.loc 1 43 10 is_stmt 0 view .LVU24
 116 0018 5223     		movs	r3, #82
 117 001a 8DF80230 		strb	r3, [sp, #2]
  44:application/Emm_V5.c ****   cmd[3] =  0x6B;                       // æ ¡éªŒå­—èŠ‚
 118              		.loc 1 44 3 is_stmt 1 view .LVU25
 119              		.loc 1 44 10 is_stmt 0 view .LVU26
 120 001e 6B23     		movs	r3, #107
 121 0020 8DF80330 		strb	r3, [sp, #3]
  45:application/Emm_V5.c ****   
  46:application/Emm_V5.c ****   // å‘é€å‘½ä»¤
  47:application/Emm_V5.c ****   can_SendCmd(cmd, 4);
 122              		.loc 1 47 3 is_stmt 1 view .LVU27
 123 0024 0421     		movs	r1, #4
 124 0026 6846     		mov	r0, sp
 125              	.LVL4:
 126              		.loc 1 47 3 is_stmt 0 view .LVU28
 127 0028 FFF7FEFF 		bl	can_SendCmd
ARM GAS  /tmp/ccLIY8Eu.s 			page 4


 128              	.LVL5:
  48:application/Emm_V5.c **** }
 129              		.loc 1 48 1 view .LVU29
 130 002c 05B0     		add	sp, sp, #20
 131              	.LCFI5:
 132              		.cfi_def_cfa_offset 4
 133              		@ sp needed
 134 002e 5DF804FB 		ldr	pc, [sp], #4
 135              		.cfi_endproc
 136              	.LFE71:
 138              		.section	.text.Emm_V5_Read_Sys_Params,"ax",%progbits
 139              		.align	1
 140              		.global	Emm_V5_Read_Sys_Params
 141              		.syntax unified
 142              		.thumb
 143              		.thumb_func
 145              	Emm_V5_Read_Sys_Params:
 146              	.LVL6:
 147              	.LFB72:
  49:application/Emm_V5.c **** 
  50:application/Emm_V5.c **** /**
  51:application/Emm_V5.c ****   * @brief    è¯»å–ç³»ç»Ÿå‚æ•°
  52:application/Emm_V5.c ****   * @param    addr  ï¼šç”µæœºåœ°å€
  53:application/Emm_V5.c ****   * @param    s     ï¼šç³»ç»Ÿå‚æ•°ç±»å‹
  54:application/Emm_V5.c ****   * @retval   åœ°å€ + åŠŸèƒ½ç  + å‘½ä»¤çŠ¶æ€ + æ ¡éªŒå­—èŠ‚
  55:application/Emm_V5.c ****   */
  56:application/Emm_V5.c **** void Emm_V5_Read_Sys_Params(uint8_t addr, SysParams_t s)
  57:application/Emm_V5.c **** {
 148              		.loc 1 57 1 is_stmt 1 view -0
 149              		.cfi_startproc
 150              		@ args = 0, pretend = 0, frame = 16
 151              		@ frame_needed = 0, uses_anonymous_args = 0
 152              		.loc 1 57 1 is_stmt 0 view .LVU31
 153 0000 00B5     		push	{lr}
 154              	.LCFI6:
 155              		.cfi_def_cfa_offset 4
 156              		.cfi_offset 14, -4
 157 0002 85B0     		sub	sp, sp, #20
 158              	.LCFI7:
 159              		.cfi_def_cfa_offset 24
  58:application/Emm_V5.c ****   uint8_t i = 0;
 160              		.loc 1 58 3 is_stmt 1 view .LVU32
 161              	.LVL7:
  59:application/Emm_V5.c ****   uint8_t cmd[16] = {0};
 162              		.loc 1 59 3 view .LVU33
 163              		.loc 1 59 11 is_stmt 0 view .LVU34
 164 0004 0023     		movs	r3, #0
 165 0006 0093     		str	r3, [sp]
 166 0008 0193     		str	r3, [sp, #4]
 167 000a 0293     		str	r3, [sp, #8]
 168 000c 0393     		str	r3, [sp, #12]
  60:application/Emm_V5.c ****   
  61:application/Emm_V5.c ****   // è£…è½½å‘½ä»¤
  62:application/Emm_V5.c ****   cmd[i] = addr; ++i;                   // åœ°å€
 169              		.loc 1 62 3 is_stmt 1 view .LVU35
 170              		.loc 1 62 10 is_stmt 0 view .LVU36
 171 000e 8DF80000 		strb	r0, [sp]
ARM GAS  /tmp/ccLIY8Eu.s 			page 5


 172              		.loc 1 62 18 is_stmt 1 view .LVU37
 173              	.LVL8:
  63:application/Emm_V5.c **** 
  64:application/Emm_V5.c ****   switch(s)                             // åŠŸèƒ½ç 
 174              		.loc 1 64 3 view .LVU38
 175 0012 1029     		cmp	r1, #16
 176 0014 55D8     		bhi	.L22
 177 0016 DFE801F0 		tbb	[pc, r1]
 178              	.L8:
 179 001a 09       		.byte	(.L21-.L8)/2
 180 001b 0E       		.byte	(.L20-.L8)/2
 181 001c 13       		.byte	(.L19-.L8)/2
 182 001d 17       		.byte	(.L18-.L8)/2
 183 001e 54       		.byte	(.L22-.L8)/2
 184 001f 1C       		.byte	(.L17-.L8)/2
 185 0020 54       		.byte	(.L22-.L8)/2
 186 0021 21       		.byte	(.L16-.L8)/2
 187 0022 26       		.byte	(.L15-.L8)/2
 188 0023 2B       		.byte	(.L14-.L8)/2
 189 0024 30       		.byte	(.L13-.L8)/2
 190 0025 35       		.byte	(.L12-.L8)/2
 191 0026 54       		.byte	(.L22-.L8)/2
 192 0027 3A       		.byte	(.L11-.L8)/2
 193 0028 44       		.byte	(.L10-.L8)/2
 194 0029 4C       		.byte	(.L9-.L8)/2
 195 002a 3F       		.byte	(.L7-.L8)/2
 196 002b 00       		.p2align 1
 197              	.L21:
  65:application/Emm_V5.c ****   {
  66:application/Emm_V5.c ****     case S_VER  : cmd[i] = 0x1F; ++i; break;
 198              		.loc 1 66 19 view .LVU39
 199              		.loc 1 66 26 is_stmt 0 view .LVU40
 200 002c 1F23     		movs	r3, #31
 201 002e 8DF80130 		strb	r3, [sp, #1]
 202              		.loc 1 66 34 is_stmt 1 view .LVU41
 203              	.LVL9:
 204              		.loc 1 66 39 view .LVU42
 205              		.loc 1 66 34 is_stmt 0 view .LVU43
 206 0032 0221     		movs	r1, #2
 207              	.LVL10:
 208              		.loc 1 66 39 view .LVU44
 209 0034 46E0     		b	.L6
 210              	.LVL11:
 211              	.L20:
  67:application/Emm_V5.c ****     case S_RL   : cmd[i] = 0x20; ++i; break;
 212              		.loc 1 67 19 is_stmt 1 view .LVU45
 213              		.loc 1 67 26 is_stmt 0 view .LVU46
 214 0036 2023     		movs	r3, #32
 215 0038 8DF80130 		strb	r3, [sp, #1]
 216              		.loc 1 67 34 is_stmt 1 view .LVU47
 217              	.LVL12:
 218              		.loc 1 67 39 view .LVU48
 219              		.loc 1 67 34 is_stmt 0 view .LVU49
 220 003c 0221     		movs	r1, #2
 221              	.LVL13:
 222              		.loc 1 67 39 view .LVU50
 223 003e 41E0     		b	.L6
ARM GAS  /tmp/ccLIY8Eu.s 			page 6


 224              	.LVL14:
 225              	.L19:
  68:application/Emm_V5.c ****     case S_PID  : cmd[i] = 0x21; ++i; break;
 226              		.loc 1 68 19 is_stmt 1 view .LVU51
 227              		.loc 1 68 26 is_stmt 0 view .LVU52
 228 0040 2123     		movs	r3, #33
 229 0042 8DF80130 		strb	r3, [sp, #1]
 230              		.loc 1 68 34 is_stmt 1 view .LVU53
 231              	.LVL15:
 232              		.loc 1 68 39 view .LVU54
 233 0046 3DE0     		b	.L6
 234              	.LVL16:
 235              	.L18:
  69:application/Emm_V5.c ****     case S_VBUS : cmd[i] = 0x24; ++i; break;
 236              		.loc 1 69 19 view .LVU55
 237              		.loc 1 69 26 is_stmt 0 view .LVU56
 238 0048 2423     		movs	r3, #36
 239 004a 8DF80130 		strb	r3, [sp, #1]
 240              		.loc 1 69 34 is_stmt 1 view .LVU57
 241              	.LVL17:
 242              		.loc 1 69 39 view .LVU58
 243              		.loc 1 69 34 is_stmt 0 view .LVU59
 244 004e 0221     		movs	r1, #2
 245              	.LVL18:
 246              		.loc 1 69 39 view .LVU60
 247 0050 38E0     		b	.L6
 248              	.LVL19:
 249              	.L17:
  70:application/Emm_V5.c ****     case S_CPHA : cmd[i] = 0x27; ++i; break;
 250              		.loc 1 70 19 is_stmt 1 view .LVU61
 251              		.loc 1 70 26 is_stmt 0 view .LVU62
 252 0052 2723     		movs	r3, #39
 253 0054 8DF80130 		strb	r3, [sp, #1]
 254              		.loc 1 70 34 is_stmt 1 view .LVU63
 255              	.LVL20:
 256              		.loc 1 70 39 view .LVU64
 257              		.loc 1 70 34 is_stmt 0 view .LVU65
 258 0058 0221     		movs	r1, #2
 259              	.LVL21:
 260              		.loc 1 70 39 view .LVU66
 261 005a 33E0     		b	.L6
 262              	.LVL22:
 263              	.L16:
  71:application/Emm_V5.c ****     case S_ENCL : cmd[i] = 0x31; ++i; break;
 264              		.loc 1 71 19 is_stmt 1 view .LVU67
 265              		.loc 1 71 26 is_stmt 0 view .LVU68
 266 005c 3123     		movs	r3, #49
 267 005e 8DF80130 		strb	r3, [sp, #1]
 268              		.loc 1 71 34 is_stmt 1 view .LVU69
 269              	.LVL23:
 270              		.loc 1 71 39 view .LVU70
 271              		.loc 1 71 34 is_stmt 0 view .LVU71
 272 0062 0221     		movs	r1, #2
 273              	.LVL24:
 274              		.loc 1 71 39 view .LVU72
 275 0064 2EE0     		b	.L6
 276              	.LVL25:
ARM GAS  /tmp/ccLIY8Eu.s 			page 7


 277              	.L15:
  72:application/Emm_V5.c ****     case S_TPOS : cmd[i] = 0x33; ++i; break;
 278              		.loc 1 72 19 is_stmt 1 view .LVU73
 279              		.loc 1 72 26 is_stmt 0 view .LVU74
 280 0066 3323     		movs	r3, #51
 281 0068 8DF80130 		strb	r3, [sp, #1]
 282              		.loc 1 72 34 is_stmt 1 view .LVU75
 283              	.LVL26:
 284              		.loc 1 72 39 view .LVU76
 285              		.loc 1 72 34 is_stmt 0 view .LVU77
 286 006c 0221     		movs	r1, #2
 287              	.LVL27:
 288              		.loc 1 72 39 view .LVU78
 289 006e 29E0     		b	.L6
 290              	.LVL28:
 291              	.L14:
  73:application/Emm_V5.c ****     case S_VEL  : cmd[i] = 0x35; ++i; break;
 292              		.loc 1 73 19 is_stmt 1 view .LVU79
 293              		.loc 1 73 26 is_stmt 0 view .LVU80
 294 0070 3523     		movs	r3, #53
 295 0072 8DF80130 		strb	r3, [sp, #1]
 296              		.loc 1 73 34 is_stmt 1 view .LVU81
 297              	.LVL29:
 298              		.loc 1 73 39 view .LVU82
 299              		.loc 1 73 34 is_stmt 0 view .LVU83
 300 0076 0221     		movs	r1, #2
 301              	.LVL30:
 302              		.loc 1 73 39 view .LVU84
 303 0078 24E0     		b	.L6
 304              	.LVL31:
 305              	.L13:
  74:application/Emm_V5.c ****     case S_CPOS : cmd[i] = 0x36; ++i; break;
 306              		.loc 1 74 19 is_stmt 1 view .LVU85
 307              		.loc 1 74 26 is_stmt 0 view .LVU86
 308 007a 3623     		movs	r3, #54
 309 007c 8DF80130 		strb	r3, [sp, #1]
 310              		.loc 1 74 34 is_stmt 1 view .LVU87
 311              	.LVL32:
 312              		.loc 1 74 39 view .LVU88
 313              		.loc 1 74 34 is_stmt 0 view .LVU89
 314 0080 0221     		movs	r1, #2
 315              	.LVL33:
 316              		.loc 1 74 39 view .LVU90
 317 0082 1FE0     		b	.L6
 318              	.LVL34:
 319              	.L12:
  75:application/Emm_V5.c ****     case S_PERR : cmd[i] = 0x37; ++i; break;
 320              		.loc 1 75 19 is_stmt 1 view .LVU91
 321              		.loc 1 75 26 is_stmt 0 view .LVU92
 322 0084 3723     		movs	r3, #55
 323 0086 8DF80130 		strb	r3, [sp, #1]
 324              		.loc 1 75 34 is_stmt 1 view .LVU93
 325              	.LVL35:
 326              		.loc 1 75 39 view .LVU94
 327              		.loc 1 75 34 is_stmt 0 view .LVU95
 328 008a 0221     		movs	r1, #2
 329              	.LVL36:
ARM GAS  /tmp/ccLIY8Eu.s 			page 8


 330              		.loc 1 75 39 view .LVU96
 331 008c 1AE0     		b	.L6
 332              	.LVL37:
 333              	.L11:
  76:application/Emm_V5.c ****     case S_FLAG : cmd[i] = 0x3A; ++i; break;
 334              		.loc 1 76 19 is_stmt 1 view .LVU97
 335              		.loc 1 76 26 is_stmt 0 view .LVU98
 336 008e 3A23     		movs	r3, #58
 337 0090 8DF80130 		strb	r3, [sp, #1]
 338              		.loc 1 76 34 is_stmt 1 view .LVU99
 339              	.LVL38:
 340              		.loc 1 76 39 view .LVU100
 341              		.loc 1 76 34 is_stmt 0 view .LVU101
 342 0094 0221     		movs	r1, #2
 343              	.LVL39:
 344              		.loc 1 76 39 view .LVU102
 345 0096 15E0     		b	.L6
 346              	.LVL40:
 347              	.L7:
  77:application/Emm_V5.c ****     case S_ORG  : cmd[i] = 0x3B; ++i; break;
 348              		.loc 1 77 19 is_stmt 1 view .LVU103
 349              		.loc 1 77 26 is_stmt 0 view .LVU104
 350 0098 3B23     		movs	r3, #59
 351 009a 8DF80130 		strb	r3, [sp, #1]
 352              		.loc 1 77 34 is_stmt 1 view .LVU105
 353              	.LVL41:
 354              		.loc 1 77 39 view .LVU106
 355              		.loc 1 77 34 is_stmt 0 view .LVU107
 356 009e 0221     		movs	r1, #2
 357              	.LVL42:
 358              		.loc 1 77 39 view .LVU108
 359 00a0 10E0     		b	.L6
 360              	.LVL43:
 361              	.L10:
  78:application/Emm_V5.c ****     case S_Conf : cmd[i] = 0x42; ++i; cmd[i] = 0x6C; ++i; break;
 362              		.loc 1 78 19 is_stmt 1 view .LVU109
 363              		.loc 1 78 26 is_stmt 0 view .LVU110
 364 00a2 4223     		movs	r3, #66
 365 00a4 8DF80130 		strb	r3, [sp, #1]
 366              		.loc 1 78 34 is_stmt 1 view .LVU111
 367              	.LVL44:
 368              		.loc 1 78 39 view .LVU112
 369              		.loc 1 78 46 is_stmt 0 view .LVU113
 370 00a8 6C23     		movs	r3, #108
 371 00aa 8DF80230 		strb	r3, [sp, #2]
 372              		.loc 1 78 54 is_stmt 1 view .LVU114
 373              	.LVL45:
 374              		.loc 1 78 59 view .LVU115
 375              		.loc 1 78 54 is_stmt 0 view .LVU116
 376 00ae 0321     		movs	r1, #3
 377              	.LVL46:
 378              		.loc 1 78 59 view .LVU117
 379 00b0 08E0     		b	.L6
 380              	.LVL47:
 381              	.L9:
  79:application/Emm_V5.c ****     case S_State: cmd[i] = 0x43; ++i; cmd[i] = 0x7A; ++i; break;
 382              		.loc 1 79 19 is_stmt 1 view .LVU118
ARM GAS  /tmp/ccLIY8Eu.s 			page 9


 383              		.loc 1 79 26 is_stmt 0 view .LVU119
 384 00b2 4323     		movs	r3, #67
 385 00b4 8DF80130 		strb	r3, [sp, #1]
 386              		.loc 1 79 34 is_stmt 1 view .LVU120
 387              	.LVL48:
 388              		.loc 1 79 39 view .LVU121
 389              		.loc 1 79 46 is_stmt 0 view .LVU122
 390 00b8 7A23     		movs	r3, #122
 391 00ba 8DF80230 		strb	r3, [sp, #2]
 392              		.loc 1 79 54 is_stmt 1 view .LVU123
 393              	.LVL49:
 394              		.loc 1 79 59 view .LVU124
 395              		.loc 1 79 54 is_stmt 0 view .LVU125
 396 00be 0321     		movs	r1, #3
 397              	.LVL50:
 398              		.loc 1 79 59 view .LVU126
 399 00c0 00E0     		b	.L6
 400              	.LVL51:
 401              	.L22:
  64:application/Emm_V5.c ****   {
 402              		.loc 1 64 3 view .LVU127
 403 00c2 0121     		movs	r1, #1
 404              	.LVL52:
 405              	.L6:
  80:application/Emm_V5.c ****     default: break;
  81:application/Emm_V5.c ****   }
  82:application/Emm_V5.c **** 
  83:application/Emm_V5.c ****   cmd[i] = 0x6B; ++i;                   // æ ¡éªŒå­—èŠ‚
 406              		.loc 1 83 3 is_stmt 1 view .LVU128
 407              		.loc 1 83 10 is_stmt 0 view .LVU129
 408 00c4 01F11003 		add	r3, r1, #16
 409 00c8 6B44     		add	r3, sp, r3
 410 00ca 6B22     		movs	r2, #107
 411 00cc 03F8102C 		strb	r2, [r3, #-16]
 412              		.loc 1 83 18 is_stmt 1 view .LVU130
 413 00d0 0131     		adds	r1, r1, #1
 414              	.LVL53:
  84:application/Emm_V5.c ****   
  85:application/Emm_V5.c ****   // å‘é€å‘½ä»¤
  86:application/Emm_V5.c ****   can_SendCmd(cmd, i);
 415              		.loc 1 86 3 view .LVU131
 416 00d2 C9B2     		uxtb	r1, r1
 417              		.loc 1 86 3 is_stmt 0 view .LVU132
 418 00d4 6846     		mov	r0, sp
 419              	.LVL54:
 420              		.loc 1 86 3 view .LVU133
 421 00d6 FFF7FEFF 		bl	can_SendCmd
 422              	.LVL55:
  87:application/Emm_V5.c **** }
 423              		.loc 1 87 1 view .LVU134
 424 00da 05B0     		add	sp, sp, #20
 425              	.LCFI8:
 426              		.cfi_def_cfa_offset 4
 427              		@ sp needed
 428 00dc 5DF804FB 		ldr	pc, [sp], #4
 429              		.cfi_endproc
 430              	.LFE72:
ARM GAS  /tmp/ccLIY8Eu.s 			page 10


 432              		.section	.text.Emm_V5_Modify_Ctrl_Mode,"ax",%progbits
 433              		.align	1
 434              		.global	Emm_V5_Modify_Ctrl_Mode
 435              		.syntax unified
 436              		.thumb
 437              		.thumb_func
 439              	Emm_V5_Modify_Ctrl_Mode:
 440              	.LVL56:
 441              	.LFB73:
  88:application/Emm_V5.c **** 
  89:application/Emm_V5.c **** /**
  90:application/Emm_V5.c ****   * @brief    ä¿®æ”¹å¼€ç¯/é—­ç¯æ§åˆ¶æ¨¡å¼
  91:application/Emm_V5.c ****   * @param    addr     ï¼šç”µæœºåœ°å€
  92:application/Emm_V5.c ****   * @param    svF      ï¼šæ˜¯å¦å­˜å‚¨æ ‡å¿—ï¼Œfalseä¸ºä¸å­˜å‚¨ï¼Œtrueä¸ºå­˜å‚¨
  93:application/Emm_V5.c ****   * @param    ctrl_modeï¼šæ§åˆ¶æ¨¡å¼ï¼ˆå¯¹åº”å±å¹•ä¸Šçš„P_Pulèœå•ï¼‰ï¼Œ0æ˜¯å…³é—­è„‰å†²è¾“å…¥å
  94:application/Emm_V5.c ****   * @retval   åœ°å€ + åŠŸèƒ½ç  + å‘½ä»¤çŠ¶æ€ + æ ¡éªŒå­—èŠ‚
  95:application/Emm_V5.c ****   */
  96:application/Emm_V5.c **** void Emm_V5_Modify_Ctrl_Mode(uint8_t addr, bool svF, uint8_t ctrl_mode)
  97:application/Emm_V5.c **** {
 442              		.loc 1 97 1 is_stmt 1 view -0
 443              		.cfi_startproc
 444              		@ args = 0, pretend = 0, frame = 16
 445              		@ frame_needed = 0, uses_anonymous_args = 0
 446              		.loc 1 97 1 is_stmt 0 view .LVU136
 447 0000 00B5     		push	{lr}
 448              	.LCFI9:
 449              		.cfi_def_cfa_offset 4
 450              		.cfi_offset 14, -4
 451 0002 85B0     		sub	sp, sp, #20
 452              	.LCFI10:
 453              		.cfi_def_cfa_offset 24
  98:application/Emm_V5.c ****   uint8_t cmd[16] = {0};
 454              		.loc 1 98 3 is_stmt 1 view .LVU137
 455              		.loc 1 98 11 is_stmt 0 view .LVU138
 456 0004 0023     		movs	r3, #0
 457 0006 0093     		str	r3, [sp]
 458 0008 0193     		str	r3, [sp, #4]
 459 000a 0293     		str	r3, [sp, #8]
 460 000c 0393     		str	r3, [sp, #12]
  99:application/Emm_V5.c ****   
 100:application/Emm_V5.c ****   // è£…è½½å‘½ä»¤
 101:application/Emm_V5.c ****   cmd[0] =  addr;                       // åœ°å€
 461              		.loc 1 101 3 is_stmt 1 view .LVU139
 462              		.loc 1 101 10 is_stmt 0 view .LVU140
 463 000e 8DF80000 		strb	r0, [sp]
 102:application/Emm_V5.c ****   cmd[1] =  0x46;                       // åŠŸèƒ½ç 
 464              		.loc 1 102 3 is_stmt 1 view .LVU141
 465              		.loc 1 102 10 is_stmt 0 view .LVU142
 466 0012 4623     		movs	r3, #70
 467 0014 8DF80130 		strb	r3, [sp, #1]
 103:application/Emm_V5.c ****   cmd[2] =  0x69;                       // è¾…åŠ©ç 
 468              		.loc 1 103 3 is_stmt 1 view .LVU143
 469              		.loc 1 103 10 is_stmt 0 view .LVU144
 470 0018 6923     		movs	r3, #105
 471 001a 8DF80230 		strb	r3, [sp, #2]
 104:application/Emm_V5.c ****   cmd[3] =  svF;                        // æ˜¯å¦å­˜å‚¨æ ‡å¿—ï¼Œfalseä¸ºä¸å­˜å‚¨ï¼Œtrueä¸ºå­˜å‚¨
 472              		.loc 1 104 3 is_stmt 1 view .LVU145
ARM GAS  /tmp/ccLIY8Eu.s 			page 11


 473              		.loc 1 104 10 is_stmt 0 view .LVU146
 474 001e 8DF80310 		strb	r1, [sp, #3]
 105:application/Emm_V5.c ****   cmd[4] =  ctrl_mode;                  // æ§åˆ¶æ¨¡å¼ï¼ˆå¯¹åº”å±å¹•ä¸Šçš„P_Pulèœå•ï¼‰ï¼Œ0æ˜¯å…
 475              		.loc 1 105 3 is_stmt 1 view .LVU147
 476              		.loc 1 105 10 is_stmt 0 view .LVU148
 477 0022 8DF80420 		strb	r2, [sp, #4]
 106:application/Emm_V5.c ****   cmd[5] =  0x6B;                       // æ ¡éªŒå­—èŠ‚
 478              		.loc 1 106 3 is_stmt 1 view .LVU149
 479              		.loc 1 106 10 is_stmt 0 view .LVU150
 480 0026 6B23     		movs	r3, #107
 481 0028 8DF80530 		strb	r3, [sp, #5]
 107:application/Emm_V5.c ****   
 108:application/Emm_V5.c ****   // å‘é€å‘½ä»¤
 109:application/Emm_V5.c ****   can_SendCmd(cmd, 6);
 482              		.loc 1 109 3 is_stmt 1 view .LVU151
 483 002c 0621     		movs	r1, #6
 484              	.LVL57:
 485              		.loc 1 109 3 is_stmt 0 view .LVU152
 486 002e 6846     		mov	r0, sp
 487              	.LVL58:
 488              		.loc 1 109 3 view .LVU153
 489 0030 FFF7FEFF 		bl	can_SendCmd
 490              	.LVL59:
 110:application/Emm_V5.c **** }
 491              		.loc 1 110 1 view .LVU154
 492 0034 05B0     		add	sp, sp, #20
 493              	.LCFI11:
 494              		.cfi_def_cfa_offset 4
 495              		@ sp needed
 496 0036 5DF804FB 		ldr	pc, [sp], #4
 497              		.cfi_endproc
 498              	.LFE73:
 500              		.section	.text.Emm_V5_En_Control,"ax",%progbits
 501              		.align	1
 502              		.global	Emm_V5_En_Control
 503              		.syntax unified
 504              		.thumb
 505              		.thumb_func
 507              	Emm_V5_En_Control:
 508              	.LVL60:
 509              	.LFB74:
 111:application/Emm_V5.c **** 
 112:application/Emm_V5.c **** /**
 113:application/Emm_V5.c ****   * @brief    ä½¿èƒ½ä¿¡å·æ§åˆ¶
 114:application/Emm_V5.c ****   * @param    addr  ï¼šç”µæœºåœ°å€
 115:application/Emm_V5.c ****   * @param    state ï¼šä½¿èƒ½çŠ¶æ€     ï¼Œtrueä¸ºä½¿èƒ½ç”µæœºï¼Œfalseä¸ºå…³é—­ç”µæœº
 116:application/Emm_V5.c ****   * @param    snF   ï¼šå¤šæœºåŒæ­¥æ ‡å¿— ï¼Œfalseä¸ºä¸å¯ç”¨ï¼Œtrueä¸ºå¯ç”¨
 117:application/Emm_V5.c ****   * @retval   åœ°å€ + åŠŸèƒ½ç  + å‘½ä»¤çŠ¶æ€ + æ ¡éªŒå­—èŠ‚
 118:application/Emm_V5.c ****   */
 119:application/Emm_V5.c **** void Emm_V5_En_Control(uint8_t addr, bool state, bool snF)
 120:application/Emm_V5.c **** {
 510              		.loc 1 120 1 is_stmt 1 view -0
 511              		.cfi_startproc
 512              		@ args = 0, pretend = 0, frame = 16
 513              		@ frame_needed = 0, uses_anonymous_args = 0
 514              		.loc 1 120 1 is_stmt 0 view .LVU156
 515 0000 00B5     		push	{lr}
ARM GAS  /tmp/ccLIY8Eu.s 			page 12


 516              	.LCFI12:
 517              		.cfi_def_cfa_offset 4
 518              		.cfi_offset 14, -4
 519 0002 85B0     		sub	sp, sp, #20
 520              	.LCFI13:
 521              		.cfi_def_cfa_offset 24
 121:application/Emm_V5.c ****   uint8_t cmd[16] = {0};
 522              		.loc 1 121 3 is_stmt 1 view .LVU157
 523              		.loc 1 121 11 is_stmt 0 view .LVU158
 524 0004 0023     		movs	r3, #0
 525 0006 0093     		str	r3, [sp]
 526 0008 0193     		str	r3, [sp, #4]
 527 000a 0293     		str	r3, [sp, #8]
 528 000c 0393     		str	r3, [sp, #12]
 122:application/Emm_V5.c ****   
 123:application/Emm_V5.c ****   // è£…è½½å‘½ä»¤
 124:application/Emm_V5.c ****   cmd[0] =  addr;                       // åœ°å€
 529              		.loc 1 124 3 is_stmt 1 view .LVU159
 530              		.loc 1 124 10 is_stmt 0 view .LVU160
 531 000e 8DF80000 		strb	r0, [sp]
 125:application/Emm_V5.c ****   cmd[1] =  0xF3;                       // åŠŸèƒ½ç 
 532              		.loc 1 125 3 is_stmt 1 view .LVU161
 533              		.loc 1 125 10 is_stmt 0 view .LVU162
 534 0012 F323     		movs	r3, #243
 535 0014 8DF80130 		strb	r3, [sp, #1]
 126:application/Emm_V5.c ****   cmd[2] =  0xAB;                       // è¾…åŠ©ç 
 536              		.loc 1 126 3 is_stmt 1 view .LVU163
 537              		.loc 1 126 10 is_stmt 0 view .LVU164
 538 0018 AB23     		movs	r3, #171
 539 001a 8DF80230 		strb	r3, [sp, #2]
 127:application/Emm_V5.c ****   cmd[3] =  (uint8_t)state;             // ä½¿èƒ½çŠ¶æ€
 540              		.loc 1 127 3 is_stmt 1 view .LVU165
 541              		.loc 1 127 10 is_stmt 0 view .LVU166
 542 001e 8DF80310 		strb	r1, [sp, #3]
 128:application/Emm_V5.c ****   cmd[4] =  snF;                        // å¤šæœºåŒæ­¥è¿åŠ¨æ ‡å¿—
 543              		.loc 1 128 3 is_stmt 1 view .LVU167
 544              		.loc 1 128 10 is_stmt 0 view .LVU168
 545 0022 8DF80420 		strb	r2, [sp, #4]
 129:application/Emm_V5.c ****   cmd[5] =  0x6B;                       // æ ¡éªŒå­—èŠ‚
 546              		.loc 1 129 3 is_stmt 1 view .LVU169
 547              		.loc 1 129 10 is_stmt 0 view .LVU170
 548 0026 6B23     		movs	r3, #107
 549 0028 8DF80530 		strb	r3, [sp, #5]
 130:application/Emm_V5.c ****   
 131:application/Emm_V5.c ****   // å‘é€å‘½ä»¤
 132:application/Emm_V5.c ****   can_SendCmd(cmd, 6);
 550              		.loc 1 132 3 is_stmt 1 view .LVU171
 551 002c 0621     		movs	r1, #6
 552              	.LVL61:
 553              		.loc 1 132 3 is_stmt 0 view .LVU172
 554 002e 6846     		mov	r0, sp
 555              	.LVL62:
 556              		.loc 1 132 3 view .LVU173
 557 0030 FFF7FEFF 		bl	can_SendCmd
 558              	.LVL63:
 133:application/Emm_V5.c **** }
 559              		.loc 1 133 1 view .LVU174
ARM GAS  /tmp/ccLIY8Eu.s 			page 13


 560 0034 05B0     		add	sp, sp, #20
 561              	.LCFI14:
 562              		.cfi_def_cfa_offset 4
 563              		@ sp needed
 564 0036 5DF804FB 		ldr	pc, [sp], #4
 565              		.cfi_endproc
 566              	.LFE74:
 568              		.section	.text.Emm_V5_Vel_Control,"ax",%progbits
 569              		.align	1
 570              		.global	Emm_V5_Vel_Control
 571              		.syntax unified
 572              		.thumb
 573              		.thumb_func
 575              	Emm_V5_Vel_Control:
 576              	.LVL64:
 577              	.LFB75:
 134:application/Emm_V5.c **** 
 135:application/Emm_V5.c **** /**
 136:application/Emm_V5.c ****   * @brief    é€Ÿåº¦æ¨¡å¼
 137:application/Emm_V5.c ****   * @param    addrï¼šç”µæœºåœ°å€
 138:application/Emm_V5.c ****   * @param    dir ï¼šæ–¹å‘       ï¼Œ0ä¸ºCWï¼Œå…¶ä½™å€¼ä¸ºCCW
 139:application/Emm_V5.c ****   * @param    vel ï¼šé€Ÿåº¦       ï¼ŒèŒƒå›´0 - 5000RPM
 140:application/Emm_V5.c ****   * @param    acc ï¼šåŠ é€Ÿåº¦     ï¼ŒèŒƒå›´0 - 255ï¼Œæ³¨æ„ï¼š0æ˜¯ç›´æ¥å¯åŠ¨
 141:application/Emm_V5.c ****   * @param    snF ï¼šå¤šæœºåŒæ­¥æ ‡å¿—ï¼Œfalseä¸ºä¸å¯ç”¨ï¼Œtrueä¸ºå¯ç”¨
 142:application/Emm_V5.c ****   * @retval   åœ°å€ + åŠŸèƒ½ç  + å‘½ä»¤çŠ¶æ€ + æ ¡éªŒå­—èŠ‚
 143:application/Emm_V5.c ****   */
 144:application/Emm_V5.c **** void Emm_V5_Vel_Control(uint8_t addr, uint8_t dir, uint16_t vel, uint8_t acc, bool snF)
 145:application/Emm_V5.c **** {
 578              		.loc 1 145 1 is_stmt 1 view -0
 579              		.cfi_startproc
 580              		@ args = 4, pretend = 0, frame = 16
 581              		@ frame_needed = 0, uses_anonymous_args = 0
 582              		.loc 1 145 1 is_stmt 0 view .LVU176
 583 0000 10B5     		push	{r4, lr}
 584              	.LCFI15:
 585              		.cfi_def_cfa_offset 8
 586              		.cfi_offset 4, -8
 587              		.cfi_offset 14, -4
 588 0002 84B0     		sub	sp, sp, #16
 589              	.LCFI16:
 590              		.cfi_def_cfa_offset 24
 146:application/Emm_V5.c ****   uint8_t cmd[16] = {0};
 591              		.loc 1 146 3 is_stmt 1 view .LVU177
 592              		.loc 1 146 11 is_stmt 0 view .LVU178
 593 0004 0024     		movs	r4, #0
 594 0006 0094     		str	r4, [sp]
 595 0008 0194     		str	r4, [sp, #4]
 596 000a 0294     		str	r4, [sp, #8]
 597 000c 0394     		str	r4, [sp, #12]
 147:application/Emm_V5.c **** 
 148:application/Emm_V5.c ****   // è£…è½½å‘½ä»¤
 149:application/Emm_V5.c ****   cmd[0] =  addr;                       // åœ°å€
 598              		.loc 1 149 3 is_stmt 1 view .LVU179
 599              		.loc 1 149 10 is_stmt 0 view .LVU180
 600 000e 8DF80000 		strb	r0, [sp]
 150:application/Emm_V5.c ****   cmd[1] =  0xF6;                       // åŠŸèƒ½ç 
 601              		.loc 1 150 3 is_stmt 1 view .LVU181
ARM GAS  /tmp/ccLIY8Eu.s 			page 14


 602              		.loc 1 150 10 is_stmt 0 view .LVU182
 603 0012 F620     		movs	r0, #246
 604              	.LVL65:
 605              		.loc 1 150 10 view .LVU183
 606 0014 8DF80100 		strb	r0, [sp, #1]
 151:application/Emm_V5.c ****   cmd[2] =  dir;                        // æ–¹å‘
 607              		.loc 1 151 3 is_stmt 1 view .LVU184
 608              		.loc 1 151 10 is_stmt 0 view .LVU185
 609 0018 8DF80210 		strb	r1, [sp, #2]
 152:application/Emm_V5.c ****   cmd[3] =  (uint8_t)(vel >> 8);        // é€Ÿåº¦(RPM)é«˜8ä½å­—èŠ‚
 610              		.loc 1 152 3 is_stmt 1 view .LVU186
 611              		.loc 1 152 13 is_stmt 0 view .LVU187
 612 001c 110A     		lsrs	r1, r2, #8
 613              	.LVL66:
 614              		.loc 1 152 10 view .LVU188
 615 001e 8DF80310 		strb	r1, [sp, #3]
 153:application/Emm_V5.c ****   cmd[4] =  (uint8_t)(vel >> 0);        // é€Ÿåº¦(RPM)ä½8ä½å­—èŠ‚
 616              		.loc 1 153 3 is_stmt 1 view .LVU189
 617              		.loc 1 153 10 is_stmt 0 view .LVU190
 618 0022 8DF80420 		strb	r2, [sp, #4]
 154:application/Emm_V5.c ****   cmd[5] =  acc;                        // åŠ é€Ÿåº¦ï¼Œæ³¨æ„ï¼š0æ˜¯ç›´æ¥å¯åŠ¨
 619              		.loc 1 154 3 is_stmt 1 view .LVU191
 620              		.loc 1 154 10 is_stmt 0 view .LVU192
 621 0026 8DF80530 		strb	r3, [sp, #5]
 155:application/Emm_V5.c ****   cmd[6] =  snF;                        // å¤šæœºåŒæ­¥è¿åŠ¨æ ‡å¿—
 622              		.loc 1 155 3 is_stmt 1 view .LVU193
 623              		.loc 1 155 10 is_stmt 0 view .LVU194
 624 002a 9DF81830 		ldrb	r3, [sp, #24]	@ zero_extendqisi2
 625              	.LVL67:
 626              		.loc 1 155 10 view .LVU195
 627 002e 8DF80630 		strb	r3, [sp, #6]
 156:application/Emm_V5.c ****   cmd[7] =  0x6B;                       // æ ¡éªŒå­—èŠ‚
 628              		.loc 1 156 3 is_stmt 1 view .LVU196
 629              		.loc 1 156 10 is_stmt 0 view .LVU197
 630 0032 6B23     		movs	r3, #107
 631 0034 8DF80730 		strb	r3, [sp, #7]
 157:application/Emm_V5.c ****   
 158:application/Emm_V5.c ****   // å‘é€å‘½ä»¤
 159:application/Emm_V5.c ****   can_SendCmd(cmd, 8);
 632              		.loc 1 159 3 is_stmt 1 view .LVU198
 633 0038 0821     		movs	r1, #8
 634 003a 6846     		mov	r0, sp
 635 003c FFF7FEFF 		bl	can_SendCmd
 636              	.LVL68:
 160:application/Emm_V5.c **** }
 637              		.loc 1 160 1 is_stmt 0 view .LVU199
 638 0040 04B0     		add	sp, sp, #16
 639              	.LCFI17:
 640              		.cfi_def_cfa_offset 8
 641              		@ sp needed
 642 0042 10BD     		pop	{r4, pc}
 643              		.loc 1 160 1 view .LVU200
 644              		.cfi_endproc
 645              	.LFE75:
 647              		.section	.text.Emm_V5_Pos_Control,"ax",%progbits
 648              		.align	1
 649              		.global	Emm_V5_Pos_Control
ARM GAS  /tmp/ccLIY8Eu.s 			page 15


 650              		.syntax unified
 651              		.thumb
 652              		.thumb_func
 654              	Emm_V5_Pos_Control:
 655              	.LVL69:
 656              	.LFB76:
 161:application/Emm_V5.c **** 
 162:application/Emm_V5.c **** /**
 163:application/Emm_V5.c ****   * @brief    ä½ç½®æ¨¡å¼
 164:application/Emm_V5.c ****   * @param    addrï¼šç”µæœºåœ°å€
 165:application/Emm_V5.c ****   * @param    dir ï¼šæ–¹å‘        ï¼Œ0ä¸ºCWï¼Œå…¶ä½™å€¼ä¸ºCCW
 166:application/Emm_V5.c ****   * @param    vel ï¼šé€Ÿåº¦(RPM)   ï¼ŒèŒƒå›´0 - 5000RPM
 167:application/Emm_V5.c ****   * @param    acc ï¼šåŠ é€Ÿåº¦      ï¼ŒèŒƒå›´0 - 255ï¼Œæ³¨æ„ï¼š0æ˜¯ç›´æ¥å¯åŠ¨
 168:application/Emm_V5.c ****   * @param    clk ï¼šè„‰å†²æ•°      ï¼ŒèŒƒå›´0- (2^32 - 1)ä¸ª
 169:application/Emm_V5.c ****   * @param    raF ï¼šç›¸ä½/ç»å¯¹æ ‡å¿—ï¼Œfalseä¸ºç›¸å¯¹è¿åŠ¨ï¼Œtrueä¸ºç»å¯¹å€¼è¿åŠ¨
 170:application/Emm_V5.c ****   * @param    snF ï¼šå¤šæœºåŒæ­¥æ ‡å¿— ï¼Œfalseä¸ºä¸å¯ç”¨ï¼Œtrueä¸ºå¯ç”¨
 171:application/Emm_V5.c ****   * @retval   åœ°å€ + åŠŸèƒ½ç  + å‘½ä»¤çŠ¶æ€ + æ ¡éªŒå­—èŠ‚
 172:application/Emm_V5.c ****   */
 173:application/Emm_V5.c **** void Emm_V5_Pos_Control(uint8_t addr, uint8_t dir, uint16_t vel, uint8_t acc, uint32_t clk, bool ra
 174:application/Emm_V5.c **** {
 657              		.loc 1 174 1 is_stmt 1 view -0
 658              		.cfi_startproc
 659              		@ args = 12, pretend = 0, frame = 16
 660              		@ frame_needed = 0, uses_anonymous_args = 0
 661              		.loc 1 174 1 is_stmt 0 view .LVU202
 662 0000 30B5     		push	{r4, r5, lr}
 663              	.LCFI18:
 664              		.cfi_def_cfa_offset 12
 665              		.cfi_offset 4, -12
 666              		.cfi_offset 5, -8
 667              		.cfi_offset 14, -4
 668 0002 85B0     		sub	sp, sp, #20
 669              	.LCFI19:
 670              		.cfi_def_cfa_offset 32
 671 0004 089C     		ldr	r4, [sp, #32]
 175:application/Emm_V5.c ****   uint8_t cmd[16] = {0};
 672              		.loc 1 175 3 is_stmt 1 view .LVU203
 673              		.loc 1 175 11 is_stmt 0 view .LVU204
 674 0006 0025     		movs	r5, #0
 675 0008 0095     		str	r5, [sp]
 676 000a 0195     		str	r5, [sp, #4]
 677 000c 0295     		str	r5, [sp, #8]
 678 000e 0395     		str	r5, [sp, #12]
 176:application/Emm_V5.c **** 
 177:application/Emm_V5.c ****   // è£…è½½å‘½ä»¤
 178:application/Emm_V5.c ****   cmd[0]  =  addr;                      // åœ°å€
 679              		.loc 1 178 3 is_stmt 1 view .LVU205
 680              		.loc 1 178 11 is_stmt 0 view .LVU206
 681 0010 8DF80000 		strb	r0, [sp]
 179:application/Emm_V5.c ****   cmd[1]  =  0xFD;                      // åŠŸèƒ½ç 
 682              		.loc 1 179 3 is_stmt 1 view .LVU207
 683              		.loc 1 179 11 is_stmt 0 view .LVU208
 684 0014 FD20     		movs	r0, #253
 685              	.LVL70:
 686              		.loc 1 179 11 view .LVU209
 687 0016 8DF80100 		strb	r0, [sp, #1]
 180:application/Emm_V5.c ****   cmd[2]  =  dir;                       // æ–¹å‘
ARM GAS  /tmp/ccLIY8Eu.s 			page 16


 688              		.loc 1 180 3 is_stmt 1 view .LVU210
 689              		.loc 1 180 11 is_stmt 0 view .LVU211
 690 001a 8DF80210 		strb	r1, [sp, #2]
 181:application/Emm_V5.c ****   cmd[3]  =  (uint8_t)(vel >> 8);       // é€Ÿåº¦(RPM)é«˜8ä½å­—èŠ‚
 691              		.loc 1 181 3 is_stmt 1 view .LVU212
 692              		.loc 1 181 14 is_stmt 0 view .LVU213
 693 001e 110A     		lsrs	r1, r2, #8
 694              	.LVL71:
 695              		.loc 1 181 11 view .LVU214
 696 0020 8DF80310 		strb	r1, [sp, #3]
 182:application/Emm_V5.c ****   cmd[4]  =  (uint8_t)(vel >> 0);       // é€Ÿåº¦(RPM)ä½8ä½å­—èŠ‚ 
 697              		.loc 1 182 3 is_stmt 1 view .LVU215
 698              		.loc 1 182 11 is_stmt 0 view .LVU216
 699 0024 8DF80420 		strb	r2, [sp, #4]
 183:application/Emm_V5.c ****   cmd[5]  =  acc;                       // åŠ é€Ÿåº¦ï¼Œæ³¨æ„ï¼š0æ˜¯ç›´æ¥å¯åŠ¨
 700              		.loc 1 183 3 is_stmt 1 view .LVU217
 701              		.loc 1 183 11 is_stmt 0 view .LVU218
 702 0028 8DF80530 		strb	r3, [sp, #5]
 184:application/Emm_V5.c ****   cmd[6]  =  (uint8_t)(clk >> 24);      // è„‰å†²æ•°(bit24 - bit31)
 703              		.loc 1 184 3 is_stmt 1 view .LVU219
 704              		.loc 1 184 14 is_stmt 0 view .LVU220
 705 002c 230E     		lsrs	r3, r4, #24
 706              	.LVL72:
 707              		.loc 1 184 11 view .LVU221
 708 002e 8DF80630 		strb	r3, [sp, #6]
 185:application/Emm_V5.c ****   cmd[7]  =  (uint8_t)(clk >> 16);      // è„‰å†²æ•°(bit16 - bit23)
 709              		.loc 1 185 3 is_stmt 1 view .LVU222
 710              		.loc 1 185 14 is_stmt 0 view .LVU223
 711 0032 C4F30743 		ubfx	r3, r4, #16, #8
 712              		.loc 1 185 11 view .LVU224
 713 0036 8DF80730 		strb	r3, [sp, #7]
 186:application/Emm_V5.c ****   cmd[8]  =  (uint8_t)(clk >> 8);       // è„‰å†²æ•°(bit8  - bit15)
 714              		.loc 1 186 3 is_stmt 1 view .LVU225
 715              		.loc 1 186 14 is_stmt 0 view .LVU226
 716 003a C4F30723 		ubfx	r3, r4, #8, #8
 717              		.loc 1 186 11 view .LVU227
 718 003e 8DF80830 		strb	r3, [sp, #8]
 187:application/Emm_V5.c ****   cmd[9]  =  (uint8_t)(clk >> 0);       // è„‰å†²æ•°(bit0  - bit7 )
 719              		.loc 1 187 3 is_stmt 1 view .LVU228
 720              		.loc 1 187 11 is_stmt 0 view .LVU229
 721 0042 8DF80940 		strb	r4, [sp, #9]
 188:application/Emm_V5.c ****   cmd[10] =  raF;                       // ç›¸ä½/ç»å¯¹æ ‡å¿—ï¼Œfalseä¸ºç›¸å¯¹è¿åŠ¨ï¼Œtrueä¸ºç»å
 722              		.loc 1 188 3 is_stmt 1 view .LVU230
 723              		.loc 1 188 11 is_stmt 0 view .LVU231
 724 0046 9DF82430 		ldrb	r3, [sp, #36]	@ zero_extendqisi2
 725 004a 8DF80A30 		strb	r3, [sp, #10]
 189:application/Emm_V5.c ****   cmd[11] =  snF;                       // å¤šæœºåŒæ­¥è¿åŠ¨æ ‡å¿—ï¼Œfalseä¸ºä¸å¯ç”¨ï¼Œtrueä¸ºå
 726              		.loc 1 189 3 is_stmt 1 view .LVU232
 727              		.loc 1 189 11 is_stmt 0 view .LVU233
 728 004e 9DF82830 		ldrb	r3, [sp, #40]	@ zero_extendqisi2
 729 0052 8DF80B30 		strb	r3, [sp, #11]
 190:application/Emm_V5.c ****   cmd[12] =  0x6B;                      // æ ¡éªŒå­—èŠ‚
 730              		.loc 1 190 3 is_stmt 1 view .LVU234
 731              		.loc 1 190 11 is_stmt 0 view .LVU235
 732 0056 6B23     		movs	r3, #107
 733 0058 8DF80C30 		strb	r3, [sp, #12]
 191:application/Emm_V5.c ****   
ARM GAS  /tmp/ccLIY8Eu.s 			page 17


 192:application/Emm_V5.c ****   // å‘é€å‘½ä»¤
 193:application/Emm_V5.c ****   can_SendCmd(cmd, 13);
 734              		.loc 1 193 3 is_stmt 1 view .LVU236
 735 005c 0D21     		movs	r1, #13
 736 005e 6846     		mov	r0, sp
 737 0060 FFF7FEFF 		bl	can_SendCmd
 738              	.LVL73:
 194:application/Emm_V5.c **** }
 739              		.loc 1 194 1 is_stmt 0 view .LVU237
 740 0064 05B0     		add	sp, sp, #20
 741              	.LCFI20:
 742              		.cfi_def_cfa_offset 12
 743              		@ sp needed
 744 0066 30BD     		pop	{r4, r5, pc}
 745              		.loc 1 194 1 view .LVU238
 746              		.cfi_endproc
 747              	.LFE76:
 749              		.section	.text.Emm_V5_Stop_Now,"ax",%progbits
 750              		.align	1
 751              		.global	Emm_V5_Stop_Now
 752              		.syntax unified
 753              		.thumb
 754              		.thumb_func
 756              	Emm_V5_Stop_Now:
 757              	.LVL74:
 758              	.LFB77:
 195:application/Emm_V5.c **** 
 196:application/Emm_V5.c **** /**
 197:application/Emm_V5.c ****   * @brief    ç«‹å³åœæ­¢ï¼ˆæ‰€æœ‰æ§åˆ¶æ¨¡å¼éƒ½é€šç”¨ï¼‰
 198:application/Emm_V5.c ****   * @param    addr  ï¼šç”µæœºåœ°å€
 199:application/Emm_V5.c ****   * @param    snF   ï¼šå¤šæœºåŒæ­¥æ ‡å¿—ï¼Œfalseä¸ºä¸å¯ç”¨ï¼Œtrueä¸ºå¯ç”¨
 200:application/Emm_V5.c ****   * @retval   åœ°å€ + åŠŸèƒ½ç  + å‘½ä»¤çŠ¶æ€ + æ ¡éªŒå­—èŠ‚
 201:application/Emm_V5.c ****   */
 202:application/Emm_V5.c **** void Emm_V5_Stop_Now(uint8_t addr, bool snF)
 203:application/Emm_V5.c **** {
 759              		.loc 1 203 1 is_stmt 1 view -0
 760              		.cfi_startproc
 761              		@ args = 0, pretend = 0, frame = 16
 762              		@ frame_needed = 0, uses_anonymous_args = 0
 763              		.loc 1 203 1 is_stmt 0 view .LVU240
 764 0000 00B5     		push	{lr}
 765              	.LCFI21:
 766              		.cfi_def_cfa_offset 4
 767              		.cfi_offset 14, -4
 768 0002 85B0     		sub	sp, sp, #20
 769              	.LCFI22:
 770              		.cfi_def_cfa_offset 24
 204:application/Emm_V5.c ****   uint8_t cmd[16] = {0};
 771              		.loc 1 204 3 is_stmt 1 view .LVU241
 772              		.loc 1 204 11 is_stmt 0 view .LVU242
 773 0004 0023     		movs	r3, #0
 774 0006 0093     		str	r3, [sp]
 775 0008 0193     		str	r3, [sp, #4]
 776 000a 0293     		str	r3, [sp, #8]
 777 000c 0393     		str	r3, [sp, #12]
 205:application/Emm_V5.c ****   
 206:application/Emm_V5.c ****   // è£…è½½å‘½ä»¤
ARM GAS  /tmp/ccLIY8Eu.s 			page 18


 207:application/Emm_V5.c ****   cmd[0] =  addr;                       // åœ°å€
 778              		.loc 1 207 3 is_stmt 1 view .LVU243
 779              		.loc 1 207 10 is_stmt 0 view .LVU244
 780 000e 8DF80000 		strb	r0, [sp]
 208:application/Emm_V5.c ****   cmd[1] =  0xFE;                       // åŠŸèƒ½ç 
 781              		.loc 1 208 3 is_stmt 1 view .LVU245
 782              		.loc 1 208 10 is_stmt 0 view .LVU246
 783 0012 FE23     		movs	r3, #254
 784 0014 8DF80130 		strb	r3, [sp, #1]
 209:application/Emm_V5.c ****   cmd[2] =  0x98;                       // è¾…åŠ©ç 
 785              		.loc 1 209 3 is_stmt 1 view .LVU247
 786              		.loc 1 209 10 is_stmt 0 view .LVU248
 787 0018 9823     		movs	r3, #152
 788 001a 8DF80230 		strb	r3, [sp, #2]
 210:application/Emm_V5.c ****   cmd[3] =  snF;                        // å¤šæœºåŒæ­¥è¿åŠ¨æ ‡å¿—
 789              		.loc 1 210 3 is_stmt 1 view .LVU249
 790              		.loc 1 210 10 is_stmt 0 view .LVU250
 791 001e 8DF80310 		strb	r1, [sp, #3]
 211:application/Emm_V5.c ****   cmd[4] =  0x6B;                       // æ ¡éªŒå­—èŠ‚
 792              		.loc 1 211 3 is_stmt 1 view .LVU251
 793              		.loc 1 211 10 is_stmt 0 view .LVU252
 794 0022 6B23     		movs	r3, #107
 795 0024 8DF80430 		strb	r3, [sp, #4]
 212:application/Emm_V5.c ****   
 213:application/Emm_V5.c ****   // å‘é€å‘½ä»¤
 214:application/Emm_V5.c ****   can_SendCmd(cmd, 5);
 796              		.loc 1 214 3 is_stmt 1 view .LVU253
 797 0028 0521     		movs	r1, #5
 798              	.LVL75:
 799              		.loc 1 214 3 is_stmt 0 view .LVU254
 800 002a 6846     		mov	r0, sp
 801              	.LVL76:
 802              		.loc 1 214 3 view .LVU255
 803 002c FFF7FEFF 		bl	can_SendCmd
 804              	.LVL77:
 215:application/Emm_V5.c **** }
 805              		.loc 1 215 1 view .LVU256
 806 0030 05B0     		add	sp, sp, #20
 807              	.LCFI23:
 808              		.cfi_def_cfa_offset 4
 809              		@ sp needed
 810 0032 5DF804FB 		ldr	pc, [sp], #4
 811              		.cfi_endproc
 812              	.LFE77:
 814              		.section	.text.Emm_V5_Synchronous_motion,"ax",%progbits
 815              		.align	1
 816              		.global	Emm_V5_Synchronous_motion
 817              		.syntax unified
 818              		.thumb
 819              		.thumb_func
 821              	Emm_V5_Synchronous_motion:
 822              	.LVL78:
 823              	.LFB78:
 216:application/Emm_V5.c **** 
 217:application/Emm_V5.c **** /**
 218:application/Emm_V5.c ****   * @brief    å¤šæœºåŒæ­¥è¿åŠ¨
 219:application/Emm_V5.c ****   * @param    addr  ï¼šç”µæœºåœ°å€
ARM GAS  /tmp/ccLIY8Eu.s 			page 19


 220:application/Emm_V5.c ****   * @retval   åœ°å€ + åŠŸèƒ½ç  + å‘½ä»¤çŠ¶æ€ + æ ¡éªŒå­—èŠ‚
 221:application/Emm_V5.c ****   */
 222:application/Emm_V5.c **** void Emm_V5_Synchronous_motion(uint8_t addr)
 223:application/Emm_V5.c **** {
 824              		.loc 1 223 1 is_stmt 1 view -0
 825              		.cfi_startproc
 826              		@ args = 0, pretend = 0, frame = 16
 827              		@ frame_needed = 0, uses_anonymous_args = 0
 828              		.loc 1 223 1 is_stmt 0 view .LVU258
 829 0000 00B5     		push	{lr}
 830              	.LCFI24:
 831              		.cfi_def_cfa_offset 4
 832              		.cfi_offset 14, -4
 833 0002 85B0     		sub	sp, sp, #20
 834              	.LCFI25:
 835              		.cfi_def_cfa_offset 24
 224:application/Emm_V5.c ****   uint8_t cmd[16] = {0};
 836              		.loc 1 224 3 is_stmt 1 view .LVU259
 837              		.loc 1 224 11 is_stmt 0 view .LVU260
 838 0004 0023     		movs	r3, #0
 839 0006 0093     		str	r3, [sp]
 840 0008 0193     		str	r3, [sp, #4]
 841 000a 0293     		str	r3, [sp, #8]
 842 000c 0393     		str	r3, [sp, #12]
 225:application/Emm_V5.c ****   
 226:application/Emm_V5.c ****   // è£…è½½å‘½ä»¤
 227:application/Emm_V5.c ****   cmd[0] =  addr;                       // åœ°å€
 843              		.loc 1 227 3 is_stmt 1 view .LVU261
 844              		.loc 1 227 10 is_stmt 0 view .LVU262
 845 000e 8DF80000 		strb	r0, [sp]
 228:application/Emm_V5.c ****   cmd[1] =  0xFF;                       // åŠŸèƒ½ç 
 846              		.loc 1 228 3 is_stmt 1 view .LVU263
 847              		.loc 1 228 10 is_stmt 0 view .LVU264
 848 0012 FF23     		movs	r3, #255
 849 0014 8DF80130 		strb	r3, [sp, #1]
 229:application/Emm_V5.c ****   cmd[2] =  0x66;                       // è¾…åŠ©ç 
 850              		.loc 1 229 3 is_stmt 1 view .LVU265
 851              		.loc 1 229 10 is_stmt 0 view .LVU266
 852 0018 6623     		movs	r3, #102
 853 001a 8DF80230 		strb	r3, [sp, #2]
 230:application/Emm_V5.c ****   cmd[3] =  0x6B;                       // æ ¡éªŒå­—èŠ‚
 854              		.loc 1 230 3 is_stmt 1 view .LVU267
 855              		.loc 1 230 10 is_stmt 0 view .LVU268
 856 001e 6B23     		movs	r3, #107
 857 0020 8DF80330 		strb	r3, [sp, #3]
 231:application/Emm_V5.c ****   
 232:application/Emm_V5.c ****   // å‘é€å‘½ä»¤
 233:application/Emm_V5.c ****   can_SendCmd(cmd, 4);
 858              		.loc 1 233 3 is_stmt 1 view .LVU269
 859 0024 0421     		movs	r1, #4
 860 0026 6846     		mov	r0, sp
 861              	.LVL79:
 862              		.loc 1 233 3 is_stmt 0 view .LVU270
 863 0028 FFF7FEFF 		bl	can_SendCmd
 864              	.LVL80:
 234:application/Emm_V5.c **** }
 865              		.loc 1 234 1 view .LVU271
ARM GAS  /tmp/ccLIY8Eu.s 			page 20


 866 002c 05B0     		add	sp, sp, #20
 867              	.LCFI26:
 868              		.cfi_def_cfa_offset 4
 869              		@ sp needed
 870 002e 5DF804FB 		ldr	pc, [sp], #4
 871              		.cfi_endproc
 872              	.LFE78:
 874              		.section	.text.Emm_V5_Origin_Set_O,"ax",%progbits
 875              		.align	1
 876              		.global	Emm_V5_Origin_Set_O
 877              		.syntax unified
 878              		.thumb
 879              		.thumb_func
 881              	Emm_V5_Origin_Set_O:
 882              	.LVL81:
 883              	.LFB79:
 235:application/Emm_V5.c **** 
 236:application/Emm_V5.c **** /**
 237:application/Emm_V5.c ****   * @brief    è®¾ç½®å•åœˆå›é›¶çš„é›¶ç‚¹ä½ç½®
 238:application/Emm_V5.c ****   * @param    addr  ï¼šç”µæœºåœ°å€
 239:application/Emm_V5.c ****   * @param    svF   ï¼šæ˜¯å¦å­˜å‚¨æ ‡å¿—ï¼Œfalseä¸ºä¸å­˜å‚¨ï¼Œtrueä¸ºå­˜å‚¨
 240:application/Emm_V5.c ****   * @retval   åœ°å€ + åŠŸèƒ½ç  + å‘½ä»¤çŠ¶æ€ + æ ¡éªŒå­—èŠ‚
 241:application/Emm_V5.c ****   */
 242:application/Emm_V5.c **** void Emm_V5_Origin_Set_O(uint8_t addr, bool svF)
 243:application/Emm_V5.c **** {
 884              		.loc 1 243 1 is_stmt 1 view -0
 885              		.cfi_startproc
 886              		@ args = 0, pretend = 0, frame = 16
 887              		@ frame_needed = 0, uses_anonymous_args = 0
 888              		.loc 1 243 1 is_stmt 0 view .LVU273
 889 0000 00B5     		push	{lr}
 890              	.LCFI27:
 891              		.cfi_def_cfa_offset 4
 892              		.cfi_offset 14, -4
 893 0002 85B0     		sub	sp, sp, #20
 894              	.LCFI28:
 895              		.cfi_def_cfa_offset 24
 244:application/Emm_V5.c ****   uint8_t cmd[16] = {0};
 896              		.loc 1 244 3 is_stmt 1 view .LVU274
 897              		.loc 1 244 11 is_stmt 0 view .LVU275
 898 0004 0023     		movs	r3, #0
 899 0006 0093     		str	r3, [sp]
 900 0008 0193     		str	r3, [sp, #4]
 901 000a 0293     		str	r3, [sp, #8]
 902 000c 0393     		str	r3, [sp, #12]
 245:application/Emm_V5.c ****   
 246:application/Emm_V5.c ****   // è£…è½½å‘½ä»¤
 247:application/Emm_V5.c ****   cmd[0] =  addr;                       // åœ°å€
 903              		.loc 1 247 3 is_stmt 1 view .LVU276
 904              		.loc 1 247 10 is_stmt 0 view .LVU277
 905 000e 8DF80000 		strb	r0, [sp]
 248:application/Emm_V5.c ****   cmd[1] =  0x93;                       // åŠŸèƒ½ç 
 906              		.loc 1 248 3 is_stmt 1 view .LVU278
 907              		.loc 1 248 10 is_stmt 0 view .LVU279
 908 0012 9323     		movs	r3, #147
 909 0014 8DF80130 		strb	r3, [sp, #1]
 249:application/Emm_V5.c ****   cmd[2] =  0x88;                       // è¾…åŠ©ç 
ARM GAS  /tmp/ccLIY8Eu.s 			page 21


 910              		.loc 1 249 3 is_stmt 1 view .LVU280
 911              		.loc 1 249 10 is_stmt 0 view .LVU281
 912 0018 8823     		movs	r3, #136
 913 001a 8DF80230 		strb	r3, [sp, #2]
 250:application/Emm_V5.c ****   cmd[3] =  svF;                        // æ˜¯å¦å­˜å‚¨æ ‡å¿—ï¼Œfalseä¸ºä¸å­˜å‚¨ï¼Œtrueä¸ºå­˜å‚¨
 914              		.loc 1 250 3 is_stmt 1 view .LVU282
 915              		.loc 1 250 10 is_stmt 0 view .LVU283
 916 001e 8DF80310 		strb	r1, [sp, #3]
 251:application/Emm_V5.c ****   cmd[4] =  0x6B;                       // æ ¡éªŒå­—èŠ‚
 917              		.loc 1 251 3 is_stmt 1 view .LVU284
 918              		.loc 1 251 10 is_stmt 0 view .LVU285
 919 0022 6B23     		movs	r3, #107
 920 0024 8DF80430 		strb	r3, [sp, #4]
 252:application/Emm_V5.c ****   
 253:application/Emm_V5.c ****   // å‘é€å‘½ä»¤
 254:application/Emm_V5.c ****   can_SendCmd(cmd, 5);
 921              		.loc 1 254 3 is_stmt 1 view .LVU286
 922 0028 0521     		movs	r1, #5
 923              	.LVL82:
 924              		.loc 1 254 3 is_stmt 0 view .LVU287
 925 002a 6846     		mov	r0, sp
 926              	.LVL83:
 927              		.loc 1 254 3 view .LVU288
 928 002c FFF7FEFF 		bl	can_SendCmd
 929              	.LVL84:
 255:application/Emm_V5.c **** }
 930              		.loc 1 255 1 view .LVU289
 931 0030 05B0     		add	sp, sp, #20
 932              	.LCFI29:
 933              		.cfi_def_cfa_offset 4
 934              		@ sp needed
 935 0032 5DF804FB 		ldr	pc, [sp], #4
 936              		.cfi_endproc
 937              	.LFE79:
 939              		.section	.text.Emm_V5_Origin_Modify_Params,"ax",%progbits
 940              		.align	1
 941              		.global	Emm_V5_Origin_Modify_Params
 942              		.syntax unified
 943              		.thumb
 944              		.thumb_func
 946              	Emm_V5_Origin_Modify_Params:
 947              	.LVL85:
 948              	.LFB80:
 256:application/Emm_V5.c **** 
 257:application/Emm_V5.c **** /**
 258:application/Emm_V5.c ****   * @brief    ä¿®æ”¹å›é›¶å‚æ•°
 259:application/Emm_V5.c ****   * @param    addr  ï¼šç”µæœºåœ°å€
 260:application/Emm_V5.c ****   * @param    svF   ï¼šæ˜¯å¦å­˜å‚¨æ ‡å¿—ï¼Œfalseä¸ºä¸å­˜å‚¨ï¼Œtrueä¸ºå­˜å‚¨
 261:application/Emm_V5.c ****   * @param    o_mode ï¼šå›é›¶æ¨¡å¼ï¼Œ0ä¸ºå•åœˆå°±è¿‘å›é›¶ï¼Œ1ä¸ºå•åœˆæ–¹å‘å›é›¶ï¼Œ2ä¸ºå¤šåœˆ
 262:application/Emm_V5.c ****   * @param    o_dir  ï¼šå›é›¶æ–¹å‘ï¼Œ0ä¸ºCWï¼Œå…¶ä½™å€¼ä¸ºCCW
 263:application/Emm_V5.c ****   * @param    o_vel  ï¼šå›é›¶é€Ÿåº¦ï¼Œå•ä½ï¼šRPMï¼ˆè½¬/åˆ†é’Ÿï¼‰
 264:application/Emm_V5.c ****   * @param    o_tm   ï¼šå›é›¶è¶…æ—¶æ—¶é—´ï¼Œå•ä½ï¼šæ¯«ç§’
 265:application/Emm_V5.c ****   * @param    sl_vel ï¼šæ— é™ä½ç¢°æ’å›é›¶æ£€æµ‹è½¬é€Ÿï¼Œå•ä½ï¼šRPMï¼ˆè½¬/åˆ†é’Ÿï¼‰
 266:application/Emm_V5.c ****   * @param    sl_ma  ï¼šæ— é™ä½ç¢°æ’å›é›¶æ£€æµ‹ç”µæµï¼Œå•ä½ï¼šMaï¼ˆæ¯«å®‰ï¼‰
 267:application/Emm_V5.c ****   * @param    sl_ms  ï¼šæ— é™ä½ç¢°æ’å›é›¶æ£€æµ‹æ—¶é—´ï¼Œå•ä½ï¼šMsï¼ˆæ¯«ç§’ï¼‰
 268:application/Emm_V5.c ****   * @param    potF   ï¼šä¸Šç”µè‡ªåŠ¨è§¦å‘å›é›¶ï¼Œfalseä¸ºä¸ä½¿èƒ½ï¼Œtrueä¸ºä½¿èƒ½
 269:application/Emm_V5.c ****   * @retval   åœ°å€ + åŠŸèƒ½ç  + å‘½ä»¤çŠ¶æ€ + æ ¡éªŒå­—èŠ‚
ARM GAS  /tmp/ccLIY8Eu.s 			page 22


 270:application/Emm_V5.c ****   */
 271:application/Emm_V5.c **** void Emm_V5_Origin_Modify_Params(uint8_t addr, bool svF, uint8_t o_mode, uint8_t o_dir, uint16_t o_
 272:application/Emm_V5.c **** {
 949              		.loc 1 272 1 is_stmt 1 view -0
 950              		.cfi_startproc
 951              		@ args = 24, pretend = 0, frame = 40
 952              		@ frame_needed = 0, uses_anonymous_args = 0
 953              		.loc 1 272 1 is_stmt 0 view .LVU291
 954 0000 2DE9F04F 		push	{r4, r5, r6, r7, r8, r9, r10, fp, lr}
 955              	.LCFI30:
 956              		.cfi_def_cfa_offset 36
 957              		.cfi_offset 4, -36
 958              		.cfi_offset 5, -32
 959              		.cfi_offset 6, -28
 960              		.cfi_offset 7, -24
 961              		.cfi_offset 8, -20
 962              		.cfi_offset 9, -16
 963              		.cfi_offset 10, -12
 964              		.cfi_offset 11, -8
 965              		.cfi_offset 14, -4
 966 0004 8BB0     		sub	sp, sp, #44
 967              	.LCFI31:
 968              		.cfi_def_cfa_offset 80
 969 0006 0746     		mov	r7, r0
 970 0008 0E46     		mov	r6, r1
 971 000a 1546     		mov	r5, r2
 972 000c 0193     		str	r3, [sp, #4]
 973 000e BDF850B0 		ldrh	fp, [sp, #80]
 974 0012 159C     		ldr	r4, [sp, #84]
 975 0014 BDF858A0 		ldrh	r10, [sp, #88]
 976 0018 BDF85C90 		ldrh	r9, [sp, #92]
 977 001c BDF86080 		ldrh	r8, [sp, #96]
 273:application/Emm_V5.c ****   uint8_t cmd[32] = {0};
 978              		.loc 1 273 3 is_stmt 1 view .LVU292
 979              		.loc 1 273 11 is_stmt 0 view .LVU293
 980 0020 2022     		movs	r2, #32
 981              	.LVL86:
 982              		.loc 1 273 11 view .LVU294
 983 0022 0021     		movs	r1, #0
 984              	.LVL87:
 985              		.loc 1 273 11 view .LVU295
 986 0024 02A8     		add	r0, sp, #8
 987              	.LVL88:
 988              		.loc 1 273 11 view .LVU296
 989 0026 FFF7FEFF 		bl	memset
 990              	.LVL89:
 274:application/Emm_V5.c ****   
 275:application/Emm_V5.c ****   // è£…è½½å‘½ä»¤
 276:application/Emm_V5.c ****   cmd[0] =  addr;                       // åœ°å€
 991              		.loc 1 276 3 is_stmt 1 view .LVU297
 992              		.loc 1 276 10 is_stmt 0 view .LVU298
 993 002a 8DF80870 		strb	r7, [sp, #8]
 277:application/Emm_V5.c ****   cmd[1] =  0x4C;                       // åŠŸèƒ½ç 
 994              		.loc 1 277 3 is_stmt 1 view .LVU299
 995              		.loc 1 277 10 is_stmt 0 view .LVU300
 996 002e 4C23     		movs	r3, #76
 997 0030 8DF80930 		strb	r3, [sp, #9]
ARM GAS  /tmp/ccLIY8Eu.s 			page 23


 278:application/Emm_V5.c ****   cmd[2] =  0xAE;                       // è¾…åŠ©ç 
 998              		.loc 1 278 3 is_stmt 1 view .LVU301
 999              		.loc 1 278 10 is_stmt 0 view .LVU302
 1000 0034 AE23     		movs	r3, #174
 1001 0036 8DF80A30 		strb	r3, [sp, #10]
 279:application/Emm_V5.c ****   cmd[3] =  svF;                        // æ˜¯å¦å­˜å‚¨æ ‡å¿—ï¼Œfalseä¸ºä¸å­˜å‚¨ï¼Œtrueä¸ºå­˜å‚¨
 1002              		.loc 1 279 3 is_stmt 1 view .LVU303
 1003              		.loc 1 279 10 is_stmt 0 view .LVU304
 1004 003a 8DF80B60 		strb	r6, [sp, #11]
 280:application/Emm_V5.c ****   cmd[4] =  o_mode;                     // å›é›¶æ¨¡å¼ï¼Œ0ä¸ºå•åœˆå°±è¿‘å›é›¶ï¼Œ1ä¸ºå•åœˆæ–¹å‘
 1005              		.loc 1 280 3 is_stmt 1 view .LVU305
 1006              		.loc 1 280 10 is_stmt 0 view .LVU306
 1007 003e 8DF80C50 		strb	r5, [sp, #12]
 281:application/Emm_V5.c ****   cmd[5] =  o_dir;                      // å›é›¶æ–¹å‘
 1008              		.loc 1 281 3 is_stmt 1 view .LVU307
 1009              		.loc 1 281 10 is_stmt 0 view .LVU308
 1010 0042 019B     		ldr	r3, [sp, #4]
 1011 0044 8DF80D30 		strb	r3, [sp, #13]
 282:application/Emm_V5.c ****   cmd[6]  =  (uint8_t)(o_vel >> 8);     // å›é›¶é€Ÿåº¦(RPM)é«˜8ä½å­—èŠ‚
 1012              		.loc 1 282 3 is_stmt 1 view .LVU309
 1013              		.loc 1 282 14 is_stmt 0 view .LVU310
 1014 0048 4FEA1B23 		lsr	r3, fp, #8
 1015              		.loc 1 282 11 view .LVU311
 1016 004c 8DF80E30 		strb	r3, [sp, #14]
 283:application/Emm_V5.c ****   cmd[7]  =  (uint8_t)(o_vel >> 0);     // å›é›¶é€Ÿåº¦(RPM)ä½8ä½å­—èŠ‚ 
 1017              		.loc 1 283 3 is_stmt 1 view .LVU312
 1018              		.loc 1 283 11 is_stmt 0 view .LVU313
 1019 0050 8DF80FB0 		strb	fp, [sp, #15]
 284:application/Emm_V5.c ****   cmd[8]  =  (uint8_t)(o_tm >> 24);     // å›é›¶è¶…æ—¶æ—¶é—´(bit24 - bit31)
 1020              		.loc 1 284 3 is_stmt 1 view .LVU314
 1021              		.loc 1 284 14 is_stmt 0 view .LVU315
 1022 0054 230E     		lsrs	r3, r4, #24
 1023              		.loc 1 284 11 view .LVU316
 1024 0056 8DF81030 		strb	r3, [sp, #16]
 285:application/Emm_V5.c ****   cmd[9]  =  (uint8_t)(o_tm >> 16);     // å›é›¶è¶…æ—¶æ—¶é—´(bit16 - bit23)
 1025              		.loc 1 285 3 is_stmt 1 view .LVU317
 1026              		.loc 1 285 14 is_stmt 0 view .LVU318
 1027 005a C4F30743 		ubfx	r3, r4, #16, #8
 1028              		.loc 1 285 11 view .LVU319
 1029 005e 8DF81130 		strb	r3, [sp, #17]
 286:application/Emm_V5.c ****   cmd[10] =  (uint8_t)(o_tm >> 8);      // å›é›¶è¶…æ—¶æ—¶é—´(bit8  - bit15)
 1030              		.loc 1 286 3 is_stmt 1 view .LVU320
 1031              		.loc 1 286 14 is_stmt 0 view .LVU321
 1032 0062 C4F30723 		ubfx	r3, r4, #8, #8
 1033              		.loc 1 286 11 view .LVU322
 1034 0066 8DF81230 		strb	r3, [sp, #18]
 287:application/Emm_V5.c ****   cmd[11] =  (uint8_t)(o_tm >> 0);      // å›é›¶è¶…æ—¶æ—¶é—´(bit0  - bit7 )
 1035              		.loc 1 287 3 is_stmt 1 view .LVU323
 1036              		.loc 1 287 11 is_stmt 0 view .LVU324
 1037 006a 8DF81340 		strb	r4, [sp, #19]
 288:application/Emm_V5.c ****   cmd[12] =  (uint8_t)(sl_vel >> 8);    // æ— é™ä½ç¢°æ’å›é›¶æ£€æµ‹è½¬é€Ÿ(RPM)é«˜8ä½å­—èŠ‚
 1038              		.loc 1 288 3 is_stmt 1 view .LVU325
 1039              		.loc 1 288 14 is_stmt 0 view .LVU326
 1040 006e 4FEA1A23 		lsr	r3, r10, #8
 1041              		.loc 1 288 11 view .LVU327
 1042 0072 8DF81430 		strb	r3, [sp, #20]
 289:application/Emm_V5.c ****   cmd[13] =  (uint8_t)(sl_vel >> 0);    // æ— é™ä½ç¢°æ’å›é›¶æ£€æµ‹è½¬é€Ÿ(RPM)ä½8ä½å­—èŠ‚ 
ARM GAS  /tmp/ccLIY8Eu.s 			page 24


 1043              		.loc 1 289 3 is_stmt 1 view .LVU328
 1044              		.loc 1 289 11 is_stmt 0 view .LVU329
 1045 0076 8DF815A0 		strb	r10, [sp, #21]
 290:application/Emm_V5.c ****   cmd[14] =  (uint8_t)(sl_ma >> 8);     // æ— é™ä½ç¢°æ’å›é›¶æ£€æµ‹ç”µæµ(Ma)é«˜8ä½å­—èŠ‚
 1046              		.loc 1 290 3 is_stmt 1 view .LVU330
 1047              		.loc 1 290 14 is_stmt 0 view .LVU331
 1048 007a 4FEA1923 		lsr	r3, r9, #8
 1049              		.loc 1 290 11 view .LVU332
 1050 007e 8DF81630 		strb	r3, [sp, #22]
 291:application/Emm_V5.c ****   cmd[15] =  (uint8_t)(sl_ma >> 0);     // æ— é™ä½ç¢°æ’å›é›¶æ£€æµ‹ç”µæµ(Ma)ä½8ä½å­—èŠ‚ 
 1051              		.loc 1 291 3 is_stmt 1 view .LVU333
 1052              		.loc 1 291 11 is_stmt 0 view .LVU334
 1053 0082 8DF81790 		strb	r9, [sp, #23]
 292:application/Emm_V5.c ****   cmd[16] =  (uint8_t)(sl_ms >> 8);     // æ— é™ä½ç¢°æ’å›é›¶æ£€æµ‹æ—¶é—´(Ms)é«˜8ä½å­—èŠ‚
 1054              		.loc 1 292 3 is_stmt 1 view .LVU335
 1055              		.loc 1 292 14 is_stmt 0 view .LVU336
 1056 0086 4FEA1823 		lsr	r3, r8, #8
 1057              		.loc 1 292 11 view .LVU337
 1058 008a 8DF81830 		strb	r3, [sp, #24]
 293:application/Emm_V5.c ****   cmd[17] =  (uint8_t)(sl_ms >> 0);     // æ— é™ä½ç¢°æ’å›é›¶æ£€æµ‹æ—¶é—´(Ms)ä½8ä½å­—èŠ‚
 1059              		.loc 1 293 3 is_stmt 1 view .LVU338
 1060              		.loc 1 293 11 is_stmt 0 view .LVU339
 1061 008e 8DF81980 		strb	r8, [sp, #25]
 294:application/Emm_V5.c ****   cmd[18] =  potF;                      // ä¸Šç”µè‡ªåŠ¨è§¦å‘å›é›¶ï¼Œfalseä¸ºä¸ä½¿èƒ½ï¼Œtrueä¸ºä½
 1062              		.loc 1 294 3 is_stmt 1 view .LVU340
 1063              		.loc 1 294 11 is_stmt 0 view .LVU341
 1064 0092 9DF86430 		ldrb	r3, [sp, #100]	@ zero_extendqisi2
 1065 0096 8DF81A30 		strb	r3, [sp, #26]
 295:application/Emm_V5.c ****   cmd[19] =  0x6B;                      // æ ¡éªŒå­—èŠ‚
 1066              		.loc 1 295 3 is_stmt 1 view .LVU342
 1067              		.loc 1 295 11 is_stmt 0 view .LVU343
 1068 009a 6B23     		movs	r3, #107
 1069 009c 8DF81B30 		strb	r3, [sp, #27]
 296:application/Emm_V5.c ****   
 297:application/Emm_V5.c ****   // å‘é€å‘½ä»¤
 298:application/Emm_V5.c ****   can_SendCmd(cmd, 20);
 1070              		.loc 1 298 3 is_stmt 1 view .LVU344
 1071 00a0 1421     		movs	r1, #20
 1072 00a2 02A8     		add	r0, sp, #8
 1073 00a4 FFF7FEFF 		bl	can_SendCmd
 1074              	.LVL90:
 299:application/Emm_V5.c **** }
 1075              		.loc 1 299 1 is_stmt 0 view .LVU345
 1076 00a8 0BB0     		add	sp, sp, #44
 1077              	.LCFI32:
 1078              		.cfi_def_cfa_offset 36
 1079              		@ sp needed
 1080 00aa BDE8F08F 		pop	{r4, r5, r6, r7, r8, r9, r10, fp, pc}
 1081              		.loc 1 299 1 view .LVU346
 1082              		.cfi_endproc
 1083              	.LFE80:
 1085              		.section	.text.Emm_V5_Origin_Trigger_Return,"ax",%progbits
 1086              		.align	1
 1087              		.global	Emm_V5_Origin_Trigger_Return
 1088              		.syntax unified
 1089              		.thumb
 1090              		.thumb_func
ARM GAS  /tmp/ccLIY8Eu.s 			page 25


 1092              	Emm_V5_Origin_Trigger_Return:
 1093              	.LVL91:
 1094              	.LFB81:
 300:application/Emm_V5.c **** 
 301:application/Emm_V5.c **** /**
 302:application/Emm_V5.c ****   * @brief    è§¦å‘å›é›¶
 303:application/Emm_V5.c ****   * @param    addr   ï¼šç”µæœºåœ°å€
 304:application/Emm_V5.c ****   * @param    o_mode ï¼šå›é›¶æ¨¡å¼ï¼Œ0ä¸ºå•åœˆå°±è¿‘å›é›¶ï¼Œ1ä¸ºå•åœˆæ–¹å‘å›é›¶ï¼Œ2ä¸ºå¤šåœˆ
 305:application/Emm_V5.c ****   * @param    snF   ï¼šå¤šæœºåŒæ­¥æ ‡å¿—ï¼Œfalseä¸ºä¸å¯ç”¨ï¼Œtrueä¸ºå¯ç”¨
 306:application/Emm_V5.c ****   * @retval   åœ°å€ + åŠŸèƒ½ç  + å‘½ä»¤çŠ¶æ€ + æ ¡éªŒå­—èŠ‚
 307:application/Emm_V5.c ****   */
 308:application/Emm_V5.c **** void Emm_V5_Origin_Trigger_Return(uint8_t addr, uint8_t o_mode, bool snF)
 309:application/Emm_V5.c **** {
 1095              		.loc 1 309 1 is_stmt 1 view -0
 1096              		.cfi_startproc
 1097              		@ args = 0, pretend = 0, frame = 16
 1098              		@ frame_needed = 0, uses_anonymous_args = 0
 1099              		.loc 1 309 1 is_stmt 0 view .LVU348
 1100 0000 00B5     		push	{lr}
 1101              	.LCFI33:
 1102              		.cfi_def_cfa_offset 4
 1103              		.cfi_offset 14, -4
 1104 0002 85B0     		sub	sp, sp, #20
 1105              	.LCFI34:
 1106              		.cfi_def_cfa_offset 24
 310:application/Emm_V5.c ****   uint8_t cmd[16] = {0};
 1107              		.loc 1 310 3 is_stmt 1 view .LVU349
 1108              		.loc 1 310 11 is_stmt 0 view .LVU350
 1109 0004 0023     		movs	r3, #0
 1110 0006 0093     		str	r3, [sp]
 1111 0008 0193     		str	r3, [sp, #4]
 1112 000a 0293     		str	r3, [sp, #8]
 1113 000c 0393     		str	r3, [sp, #12]
 311:application/Emm_V5.c ****   
 312:application/Emm_V5.c ****   // è£…è½½å‘½ä»¤
 313:application/Emm_V5.c ****   cmd[0] =  addr;                       // åœ°å€
 1114              		.loc 1 313 3 is_stmt 1 view .LVU351
 1115              		.loc 1 313 10 is_stmt 0 view .LVU352
 1116 000e 8DF80000 		strb	r0, [sp]
 314:application/Emm_V5.c ****   cmd[1] =  0x9A;                       // åŠŸèƒ½ç 
 1117              		.loc 1 314 3 is_stmt 1 view .LVU353
 1118              		.loc 1 314 10 is_stmt 0 view .LVU354
 1119 0012 9A23     		movs	r3, #154
 1120 0014 8DF80130 		strb	r3, [sp, #1]
 315:application/Emm_V5.c ****   cmd[2] =  o_mode;                     // å›é›¶æ¨¡å¼ï¼Œ0ä¸ºå•åœˆå°±è¿‘å›é›¶ï¼Œ1ä¸ºå•åœˆæ–¹å‘
 1121              		.loc 1 315 3 is_stmt 1 view .LVU355
 1122              		.loc 1 315 10 is_stmt 0 view .LVU356
 1123 0018 8DF80210 		strb	r1, [sp, #2]
 316:application/Emm_V5.c ****   cmd[3] =  snF;                        // å¤šæœºåŒæ­¥è¿åŠ¨æ ‡å¿—ï¼Œfalseä¸ºä¸å¯ç”¨ï¼Œtrueä¸ºå
 1124              		.loc 1 316 3 is_stmt 1 view .LVU357
 1125              		.loc 1 316 10 is_stmt 0 view .LVU358
 1126 001c 8DF80320 		strb	r2, [sp, #3]
 317:application/Emm_V5.c ****   cmd[4] =  0x6B;                       // æ ¡éªŒå­—èŠ‚
 1127              		.loc 1 317 3 is_stmt 1 view .LVU359
 1128              		.loc 1 317 10 is_stmt 0 view .LVU360
 1129 0020 6B23     		movs	r3, #107
 1130 0022 8DF80430 		strb	r3, [sp, #4]
ARM GAS  /tmp/ccLIY8Eu.s 			page 26


 318:application/Emm_V5.c ****   
 319:application/Emm_V5.c ****   // å‘é€å‘½ä»¤
 320:application/Emm_V5.c ****   can_SendCmd(cmd, 5);
 1131              		.loc 1 320 3 is_stmt 1 view .LVU361
 1132 0026 0521     		movs	r1, #5
 1133              	.LVL92:
 1134              		.loc 1 320 3 is_stmt 0 view .LVU362
 1135 0028 6846     		mov	r0, sp
 1136              	.LVL93:
 1137              		.loc 1 320 3 view .LVU363
 1138 002a FFF7FEFF 		bl	can_SendCmd
 1139              	.LVL94:
 321:application/Emm_V5.c **** }
 1140              		.loc 1 321 1 view .LVU364
 1141 002e 05B0     		add	sp, sp, #20
 1142              	.LCFI35:
 1143              		.cfi_def_cfa_offset 4
 1144              		@ sp needed
 1145 0030 5DF804FB 		ldr	pc, [sp], #4
 1146              		.cfi_endproc
 1147              	.LFE81:
 1149              		.section	.text.Emm_V5_Origin_Interrupt,"ax",%progbits
 1150              		.align	1
 1151              		.global	Emm_V5_Origin_Interrupt
 1152              		.syntax unified
 1153              		.thumb
 1154              		.thumb_func
 1156              	Emm_V5_Origin_Interrupt:
 1157              	.LVL95:
 1158              	.LFB82:
 322:application/Emm_V5.c **** 
 323:application/Emm_V5.c **** /**
 324:application/Emm_V5.c ****   * @brief    å¼ºåˆ¶ä¸­æ–­å¹¶é€€å‡ºå›é›¶
 325:application/Emm_V5.c ****   * @param    addr  ï¼šç”µæœºåœ°å€
 326:application/Emm_V5.c ****   * @retval   åœ°å€ + åŠŸèƒ½ç  + å‘½ä»¤çŠ¶æ€ + æ ¡éªŒå­—èŠ‚
 327:application/Emm_V5.c ****   */
 328:application/Emm_V5.c **** void Emm_V5_Origin_Interrupt(uint8_t addr)
 329:application/Emm_V5.c **** {
 1159              		.loc 1 329 1 is_stmt 1 view -0
 1160              		.cfi_startproc
 1161              		@ args = 0, pretend = 0, frame = 16
 1162              		@ frame_needed = 0, uses_anonymous_args = 0
 1163              		.loc 1 329 1 is_stmt 0 view .LVU366
 1164 0000 00B5     		push	{lr}
 1165              	.LCFI36:
 1166              		.cfi_def_cfa_offset 4
 1167              		.cfi_offset 14, -4
 1168 0002 85B0     		sub	sp, sp, #20
 1169              	.LCFI37:
 1170              		.cfi_def_cfa_offset 24
 330:application/Emm_V5.c ****   uint8_t cmd[16] = {0};
 1171              		.loc 1 330 3 is_stmt 1 view .LVU367
 1172              		.loc 1 330 11 is_stmt 0 view .LVU368
 1173 0004 0023     		movs	r3, #0
 1174 0006 0093     		str	r3, [sp]
 1175 0008 0193     		str	r3, [sp, #4]
 1176 000a 0293     		str	r3, [sp, #8]
ARM GAS  /tmp/ccLIY8Eu.s 			page 27


 1177 000c 0393     		str	r3, [sp, #12]
 331:application/Emm_V5.c ****   
 332:application/Emm_V5.c ****   // è£…è½½å‘½ä»¤
 333:application/Emm_V5.c ****   cmd[0] =  addr;                       // åœ°å€
 1178              		.loc 1 333 3 is_stmt 1 view .LVU369
 1179              		.loc 1 333 10 is_stmt 0 view .LVU370
 1180 000e 8DF80000 		strb	r0, [sp]
 334:application/Emm_V5.c ****   cmd[1] =  0x9C;                       // åŠŸèƒ½ç 
 1181              		.loc 1 334 3 is_stmt 1 view .LVU371
 1182              		.loc 1 334 10 is_stmt 0 view .LVU372
 1183 0012 9C23     		movs	r3, #156
 1184 0014 8DF80130 		strb	r3, [sp, #1]
 335:application/Emm_V5.c ****   cmd[2] =  0x48;                       // è¾…åŠ©ç 
 1185              		.loc 1 335 3 is_stmt 1 view .LVU373
 1186              		.loc 1 335 10 is_stmt 0 view .LVU374
 1187 0018 4823     		movs	r3, #72
 1188 001a 8DF80230 		strb	r3, [sp, #2]
 336:application/Emm_V5.c ****   cmd[3] =  0x6B;                       // æ ¡éªŒå­—èŠ‚
 1189              		.loc 1 336 3 is_stmt 1 view .LVU375
 1190              		.loc 1 336 10 is_stmt 0 view .LVU376
 1191 001e 6B23     		movs	r3, #107
 1192 0020 8DF80330 		strb	r3, [sp, #3]
 337:application/Emm_V5.c ****   
 338:application/Emm_V5.c ****   // å‘é€å‘½ä»¤
 339:application/Emm_V5.c ****   can_SendCmd(cmd, 4);
 1193              		.loc 1 339 3 is_stmt 1 view .LVU377
 1194 0024 0421     		movs	r1, #4
 1195 0026 6846     		mov	r0, sp
 1196              	.LVL96:
 1197              		.loc 1 339 3 is_stmt 0 view .LVU378
 1198 0028 FFF7FEFF 		bl	can_SendCmd
 1199              	.LVL97:
 340:application/Emm_V5.c **** }
 1200              		.loc 1 340 1 view .LVU379
 1201 002c 05B0     		add	sp, sp, #20
 1202              	.LCFI38:
 1203              		.cfi_def_cfa_offset 4
 1204              		@ sp needed
 1205 002e 5DF804FB 		ldr	pc, [sp], #4
 1206              		.cfi_endproc
 1207              	.LFE82:
 1209              		.text
 1210              	.Letext0:
 1211              		.file 2 "/usr/arm-none-eabi/include/machine/_default_types.h"
 1212              		.file 3 "/usr/arm-none-eabi/include/sys/_stdint.h"
 1213              		.file 4 "application/Emm_V5.h"
 1214              		.file 5 "application/CAN_Receive.h"
 1215              		.file 6 "<built-in>"
ARM GAS  /tmp/ccLIY8Eu.s 			page 28


DEFINED SYMBOLS
                            *ABS*:00000000 Emm_V5.c
     /tmp/ccLIY8Eu.s:19     .text.Emm_V5_Reset_CurPos_To_Zero:00000000 $t
     /tmp/ccLIY8Eu.s:25     .text.Emm_V5_Reset_CurPos_To_Zero:00000000 Emm_V5_Reset_CurPos_To_Zero
     /tmp/ccLIY8Eu.s:79     .text.Emm_V5_Reset_Clog_Pro:00000000 $t
     /tmp/ccLIY8Eu.s:85     .text.Emm_V5_Reset_Clog_Pro:00000000 Emm_V5_Reset_Clog_Pro
     /tmp/ccLIY8Eu.s:139    .text.Emm_V5_Read_Sys_Params:00000000 $t
     /tmp/ccLIY8Eu.s:145    .text.Emm_V5_Read_Sys_Params:00000000 Emm_V5_Read_Sys_Params
     /tmp/ccLIY8Eu.s:179    .text.Emm_V5_Read_Sys_Params:0000001a $d
     /tmp/ccLIY8Eu.s:433    .text.Emm_V5_Modify_Ctrl_Mode:00000000 $t
     /tmp/ccLIY8Eu.s:439    .text.Emm_V5_Modify_Ctrl_Mode:00000000 Emm_V5_Modify_Ctrl_Mode
     /tmp/ccLIY8Eu.s:501    .text.Emm_V5_En_Control:00000000 $t
     /tmp/ccLIY8Eu.s:507    .text.Emm_V5_En_Control:00000000 Emm_V5_En_Control
     /tmp/ccLIY8Eu.s:569    .text.Emm_V5_Vel_Control:00000000 $t
     /tmp/ccLIY8Eu.s:575    .text.Emm_V5_Vel_Control:00000000 Emm_V5_Vel_Control
     /tmp/ccLIY8Eu.s:648    .text.Emm_V5_Pos_Control:00000000 $t
     /tmp/ccLIY8Eu.s:654    .text.Emm_V5_Pos_Control:00000000 Emm_V5_Pos_Control
     /tmp/ccLIY8Eu.s:750    .text.Emm_V5_Stop_Now:00000000 $t
     /tmp/ccLIY8Eu.s:756    .text.Emm_V5_Stop_Now:00000000 Emm_V5_Stop_Now
     /tmp/ccLIY8Eu.s:815    .text.Emm_V5_Synchronous_motion:00000000 $t
     /tmp/ccLIY8Eu.s:821    .text.Emm_V5_Synchronous_motion:00000000 Emm_V5_Synchronous_motion
     /tmp/ccLIY8Eu.s:875    .text.Emm_V5_Origin_Set_O:00000000 $t
     /tmp/ccLIY8Eu.s:881    .text.Emm_V5_Origin_Set_O:00000000 Emm_V5_Origin_Set_O
     /tmp/ccLIY8Eu.s:940    .text.Emm_V5_Origin_Modify_Params:00000000 $t
     /tmp/ccLIY8Eu.s:946    .text.Emm_V5_Origin_Modify_Params:00000000 Emm_V5_Origin_Modify_Params
     /tmp/ccLIY8Eu.s:1086   .text.Emm_V5_Origin_Trigger_Return:00000000 $t
     /tmp/ccLIY8Eu.s:1092   .text.Emm_V5_Origin_Trigger_Return:00000000 Emm_V5_Origin_Trigger_Return
     /tmp/ccLIY8Eu.s:1150   .text.Emm_V5_Origin_Interrupt:00000000 $t
     /tmp/ccLIY8Eu.s:1156   .text.Emm_V5_Origin_Interrupt:00000000 Emm_V5_Origin_Interrupt
     /tmp/ccLIY8Eu.s:196    .text.Emm_V5_Read_Sys_Params:0000002b $d
     /tmp/ccLIY8Eu.s:196    .text.Emm_V5_Read_Sys_Params:0000002c $t

UNDEFINED SYMBOLS
can_SendCmd
memset
