ARM GAS  /tmp/ccyKqyx4.s 			page 1


   1              		.cpu cortex-m3
   2              		.arch armv7-m
   3              		.fpu softvfp
   4              		.eabi_attribute 20, 1
   5              		.eabi_attribute 21, 1
   6              		.eabi_attribute 23, 3
   7              		.eabi_attribute 24, 1
   8              		.eabi_attribute 25, 1
   9              		.eabi_attribute 26, 1
  10              		.eabi_attribute 30, 1
  11              		.eabi_attribute 34, 1
  12              		.eabi_attribute 18, 4
  13              		.file	"led_flow_task.c"
  14              		.text
  15              	.Ltext0:
  16              		.cfi_sections	.debug_frame
  17              		.file 1 "application/led_flow_task.c"
  18              		.global	__aeabi_ui2f
  19              		.global	__aeabi_fdiv
  20              		.global	__aeabi_fmul
  21              		.global	__aeabi_f2uiz
  22              		.section	.text.led_flow_task,"ax",%progbits
  23              		.align	1
  24              		.global	led_flow_task
  25              		.syntax unified
  26              		.thumb
  27              		.thumb_func
  29              	led_flow_task:
  30              	.LVL0:
  31              	.LFB70:
   1:application/led_flow_task.c **** #include "led_flow_task.h"
   2:application/led_flow_task.c **** 
   3:application/led_flow_task.c **** #define LIGHT_CHANGE_TIME 300
   4:application/led_flow_task.c **** 
   5:application/led_flow_task.c **** /**
   6:application/led_flow_task.c ****  * @brief          led RGB任务
   7:application/led_flow_task.c ****  * @param[in]      pvParameters: NULL
   8:application/led_flow_task.c ****  * @retval         none
   9:application/led_flow_task.c ****  */
  10:application/led_flow_task.c **** void led_flow_task(void const *argument)
  11:application/led_flow_task.c **** {
  32              		.loc 1 11 1 view -0
  33              		.cfi_startproc
  34              		@ args = 0, pretend = 0, frame = 0
  35              		@ frame_needed = 0, uses_anonymous_args = 0
  36              		.loc 1 11 1 is_stmt 0 view .LVU1
  37 0000 08B5     		push	{r3, lr}
  38              	.LCFI0:
  39              		.cfi_def_cfa_offset 8
  40              		.cfi_offset 3, -8
  41              		.cfi_offset 14, -4
  12:application/led_flow_task.c ****     uint32_t pwm;
  42              		.loc 1 12 5 is_stmt 1 view .LVU2
  13:application/led_flow_task.c ****     fp32 light;
  43              		.loc 1 13 5 view .LVU3
  14:application/led_flow_task.c ****     uint32_t t;
  44              		.loc 1 14 5 view .LVU4
ARM GAS  /tmp/ccyKqyx4.s 			page 2


  15:application/led_flow_task.c **** 
  16:application/led_flow_task.c ****     bsp_led_init();
  45              		.loc 1 16 5 view .LVU5
  46 0002 FFF7FEFF 		bl	bsp_led_init
  47              	.LVL1:
  48              		.loc 1 16 5 is_stmt 0 view .LVU6
  49 0006 10E0     		b	.L3
  50              	.LVL2:
  51              	.L5:
  17:application/led_flow_task.c **** 
  18:application/led_flow_task.c ****     while (1) {
  19:application/led_flow_task.c ****         t = xTaskGetTickCount() % (2 * LIGHT_CHANGE_TIME);
  20:application/led_flow_task.c ****         if (t > LIGHT_CHANGE_TIME) t = 2 * LIGHT_CHANGE_TIME - t;
  52              		.loc 1 20 36 is_stmt 1 discriminator 1 view .LVU7
  53              		.loc 1 20 38 is_stmt 0 discriminator 1 view .LVU8
  54 0008 181A     		subs	r0, r3, r0
  55              	.LVL3:
  56              	.L2:
  21:application/led_flow_task.c ****         light = t / (fp32)LIGHT_CHANGE_TIME;
  57              		.loc 1 21 9 is_stmt 1 view .LVU9
  58              		.loc 1 21 19 is_stmt 0 view .LVU10
  59 000a FFF7FEFF 		bl	__aeabi_ui2f
  60              	.LVL4:
  61              		.loc 1 21 15 view .LVU11
  62 000e 0E49     		ldr	r1, .L6
  63 0010 FFF7FEFF 		bl	__aeabi_fdiv
  64              	.LVL5:
  22:application/led_flow_task.c ****         pwm   = 65536 * light;
  65              		.loc 1 22 9 is_stmt 1 view .LVU12
  66              		.loc 1 22 23 is_stmt 0 view .LVU13
  67 0014 4FF08F41 		mov	r1, #1199570944
  68 0018 FFF7FEFF 		bl	__aeabi_fmul
  69              	.LVL6:
  70              		.loc 1 22 15 view .LVU14
  71 001c FFF7FEFF 		bl	__aeabi_f2uiz
  72              	.LVL7:
  23:application/led_flow_task.c **** 
  24:application/led_flow_task.c ****         bsp_led_show(pwm);
  73              		.loc 1 24 9 is_stmt 1 view .LVU15
  74 0020 FFF7FEFF 		bl	bsp_led_show
  75              	.LVL8:
  25:application/led_flow_task.c ****         osDelay(1);
  76              		.loc 1 25 9 view .LVU16
  77 0024 0120     		movs	r0, #1
  78 0026 FFF7FEFF 		bl	osDelay
  79              	.LVL9:
  18:application/led_flow_task.c ****         t = xTaskGetTickCount() % (2 * LIGHT_CHANGE_TIME);
  80              		.loc 1 18 11 view .LVU17
  81              	.L3:
  18:application/led_flow_task.c ****         t = xTaskGetTickCount() % (2 * LIGHT_CHANGE_TIME);
  82              		.loc 1 18 5 view .LVU18
  19:application/led_flow_task.c ****         if (t > LIGHT_CHANGE_TIME) t = 2 * LIGHT_CHANGE_TIME - t;
  83              		.loc 1 19 9 view .LVU19
  19:application/led_flow_task.c ****         if (t > LIGHT_CHANGE_TIME) t = 2 * LIGHT_CHANGE_TIME - t;
  84              		.loc 1 19 13 is_stmt 0 view .LVU20
  85 002a FFF7FEFF 		bl	xTaskGetTickCount
  86              	.LVL10:
ARM GAS  /tmp/ccyKqyx4.s 			page 3


  87 002e 0246     		mov	r2, r0
  19:application/led_flow_task.c ****         if (t > LIGHT_CHANGE_TIME) t = 2 * LIGHT_CHANGE_TIME - t;
  88              		.loc 1 19 11 discriminator 1 view .LVU21
  89 0030 064B     		ldr	r3, .L6+4
  90 0032 A3FB0013 		umull	r1, r3, r3, r0
  91 0036 9809     		lsrs	r0, r3, #6
  92 0038 4FF41673 		mov	r3, #600
  93 003c 03FB1020 		mls	r0, r3, r0, r2
  94              	.LVL11:
  20:application/led_flow_task.c ****         light = t / (fp32)LIGHT_CHANGE_TIME;
  95              		.loc 1 20 9 is_stmt 1 view .LVU22
  20:application/led_flow_task.c ****         light = t / (fp32)LIGHT_CHANGE_TIME;
  96              		.loc 1 20 12 is_stmt 0 view .LVU23
  97 0040 B0F5967F 		cmp	r0, #300
  98 0044 E0D8     		bhi	.L5
  99 0046 E0E7     		b	.L2
 100              	.L7:
 101              		.align	2
 102              	.L6:
 103 0048 00009643 		.word	1133903872
 104 004c B5814E1B 		.word	458129845
 105              		.cfi_endproc
 106              	.LFE70:
 108              		.text
 109              	.Letext0:
 110              		.file 2 "/usr/arm-none-eabi/include/machine/_default_types.h"
 111              		.file 3 "/usr/arm-none-eabi/include/sys/_stdint.h"
 112              		.file 4 "Middlewares/Third_Party/FreeRTOS/Source/portable/GCC/ARM_CM3/portmacro.h"
 113              		.file 5 "Middlewares/Third_Party/FreeRTOS/Source/CMSIS_RTOS/cmsis_os.h"
 114              		.file 6 "application/struct_typedef.h"
 115              		.file 7 "bsp/bsp_led.h"
 116              		.file 8 "Middlewares/Third_Party/FreeRTOS/Source/include/task.h"
ARM GAS  /tmp/ccyKqyx4.s 			page 4


DEFINED SYMBOLS
                            *ABS*:00000000 led_flow_task.c
     /tmp/ccyKqyx4.s:23     .text.led_flow_task:00000000 $t
     /tmp/ccyKqyx4.s:29     .text.led_flow_task:00000000 led_flow_task
     /tmp/ccyKqyx4.s:103    .text.led_flow_task:00000048 $d

UNDEFINED SYMBOLS
__aeabi_ui2f
__aeabi_fdiv
__aeabi_fmul
__aeabi_f2uiz
bsp_led_init
bsp_led_show
osDelay
xTaskGetTickCount
